using THREADS=3
['libraries/array/', 'libraries/base/', 'libraries/binary/', 'libraries/bytestring/', 'libraries/Cabal/Cabal', 'libraries/Cabal/', 'libraries/containers/', 'libraries/deepseq/', 'libraries/directory/', 'libraries/doc/', 'libraries/dph/dph-base', 'libraries/dph/dph-prim-interface', 'libraries/dph/dph-prim-seq', 'libraries/dph/dph-prim-par', 'libraries/dph/dph-lifted-base', 'libraries/dph/dph-lifted-boxed', 'libraries/dph/dph-lifted-copy', 'libraries/dph/dph-lifted-vseg', 'libraries/dph/', 'libraries/dph/', 'libraries/filepath/', 'libraries/ghc-boot/', 'libraries/ghc-boot-th/', 'libraries/ghc-compact/', 'libraries/ghc-prim/', 'libraries/ghci/', 'libraries/haskeline/', 'libraries/hpc/', 'libraries/integer-gmp/', 'libraries/integer-simple/', 'libraries/mtl/', 'libraries/parallel/', 'libraries/parsec/', 'libraries/pretty/', 'libraries/primitive/', 'libraries/process/', 'libraries/random/', 'libraries/stm/', 'libraries/template-haskell/', 'libraries/terminfo/', 'libraries/text/', 'libraries/time/', 'libraries/transformers/', 'libraries/unix/', 'libraries/vector/', 'libraries/Win32/', 'libraries/xhtml/']
Creating libraries/array/ghc.mk
Creating libraries/base/ghc.mk
Creating libraries/binary/ghc.mk
Creating libraries/bytestring/ghc.mk
Creating libraries/Cabal/Cabal/ghc.mk
Creating libraries/containers/ghc.mk
Creating libraries/deepseq/ghc.mk
Creating libraries/directory/ghc.mk
Creating libraries/dph/dph-base/ghc.mk
Creating libraries/dph/dph-prim-interface/ghc.mk
Creating libraries/dph/dph-prim-seq/ghc.mk
Creating libraries/dph/dph-prim-par/ghc.mk
Creating libraries/dph/dph-lifted-base/ghc.mk
Creating libraries/dph/dph-lifted-boxed/ghc.mk
Creating libraries/dph/dph-lifted-copy/ghc.mk
Creating libraries/dph/dph-lifted-vseg/ghc.mk
Creating libraries/filepath/ghc.mk
Creating libraries/ghc-boot/ghc.mk
Creating libraries/ghc-boot-th/ghc.mk
Creating libraries/ghc-compact/ghc.mk
Creating libraries/ghc-prim/ghc.mk
Creating libraries/ghci/ghc.mk
Creating libraries/haskeline/ghc.mk
Creating libraries/hpc/ghc.mk
Creating libraries/integer-gmp/ghc.mk
Creating libraries/integer-simple/ghc.mk
Creating libraries/mtl/ghc.mk
Creating libraries/parallel/ghc.mk
Creating libraries/parsec/ghc.mk
Creating libraries/pretty/ghc.mk
Creating libraries/primitive/ghc.mk
Creating libraries/process/ghc.mk
Creating libraries/random/ghc.mk
Creating libraries/stm/ghc.mk
Creating libraries/template-haskell/ghc.mk
Creating libraries/terminfo/ghc.mk
Creating libraries/text/ghc.mk
Creating libraries/time/ghc.mk
Creating libraries/transformers/ghc.mk
Creating libraries/unix/ghc.mk
Creating libraries/vector/ghc.mk
Creating libraries/Win32/ghc.mk
Creating libraries/xhtml/ghc.mk
Booting .
Booting libraries/base/
Booting libraries/directory/
Booting libraries/integer-gmp/
Booting libraries/process/
Booting libraries/terminfo/
Booting libraries/time/
Booting libraries/unix/
configure: loading site script /mingw64/etc/config.site
checking for gfind... no
checking for find... /usr/bin/find
checking for sort... /usr/bin/sort
checking for GHC version date... error: object directory /c/TeamCity/buildAgent/work/28754042a1be6052/.git/objects/C:\TeamCity\buildAgent\system\git\git-DC9893F3.git\objects does not exist; check .git/objects/info/alternates.
fatal: bad object HEAD
inferred 8.3.20171012
checking for GHC Git commit id... inferred 3de788c4eaa0592165bf1fb9e9a6d5b8e2c27554
checking for ghc... /mingw64/bin/ghc
checking version of ghc... 8.0.2
GHC path canonicalised to: /mingw64/bin/ghc
checking build system type... x86_64-w64-mingw32
checking host system type... x86_64-w64-mingw32
checking target system type... x86_64-w64-mingw32
Host platform inferred as: x86_64-unknown-mingw32
Target platform inferred as: x86_64-unknown-mingw32
GHC build  : x86_64-unknown-mingw32
GHC host   : x86_64-unknown-mingw32
GHC target : x86_64-unknown-mingw32
LLVM target: x86_64-unknown-windows
checking for path to top of build tree... C:/TeamCity/buildAgent/work/28754042a1be6052
configure: Checking for Windows toolchain tarballs...
##############                                                            19.9%###############################################                           65.8%######################################################################## 100.0%
######################################################################## 100.0%
####                                                                       6.5%######################                                                    31.5%#########################################                                 57.6%############################################################              83.6%######################################################################## 100.0%
######################################################################## 100.0%
######################################################################## 100.0%
######################                                                    31.5%######################################################################## 100.0%
######################################################################## 100.0%
################################################                          67.8%######################################################################## 100.0%
#                                                                          2.4%########                                                                  12.4%################                                                          22.7%#######################                                                   32.8%##############################                                            43.0%####################################                                      51.1%##############################################                            63.9%#######################################################                   76.9%##############################################################            87.1%######################################################################    97.4%######################################################################## 100.0%
######################################################################## 100.0%
                                                                           1.4%####                                                                       6.3%########                                                                  11.1%###########                                                               16.0%##############                                                            20.8%##################                                                        25.7%#####################                                                     30.5%#########################                                                 35.3%############################                                              40.2%################################                                          45.0%###################################                                       49.7%#######################################                                   54.8%##########################################                                59.7%##############################################                            64.8%#################################################                         69.4%#####################################################                     74.4%########################################################                  79.1%############################################################              84.1%################################################################          89.0%###################################################################       93.8%#######################################################################   98.6%######################################################################## 100.0%
######################################################################## 100.0%
###########################################################               82.4%######################################################################## 100.0%
##################################################                        69.7%######################################################################## 100.0%
configure: Extracting Windows toolchain from archives (may take a while)...
configure: In-tree MingW-w64 tree created
checking for genlib... no
configure: Making in-tree perl tree
configure: In-tree perl tree created
checking whether the C compiler works... yes
checking for C compiler default output file name... a.exe
checking for suffix of executables... .exe
checking whether we are cross compiling... no
checking for suffix of object files... o
checking whether we are using the GNU C compiler... yes
checking whether C:/TeamCity/buildAgent/work/28754042a1be6052/inplace/mingw/bin/gcc.exe accepts -g... yes
checking for C:/TeamCity/buildAgent/work/28754042a1be6052/inplace/mingw/bin/gcc.exe option to accept ISO C89... none needed
checking how to run the C preprocessor... C:/TeamCity/buildAgent/work/28754042a1be6052/inplace/mingw/bin/gcc.exe -E
checking for grep that handles long lines and -e... /usr/bin/grep
checking for egrep... /usr/bin/grep -E
checking for ANSI C header files... yes
checking for sys/types.h... yes
checking for sys/stat.h... yes
checking for stdlib.h... yes
checking for string.h... yes
checking for memory.h... yes
checking for strings.h... yes
checking for inttypes.h... yes
checking for stdint.h... yes
checking for unistd.h... yes
checking minix/config.h usability... no
checking minix/config.h presence... no
checking for minix/config.h... no
checking whether it is safe to define __EXTENSIONS__... yes
checking how to run the C preprocessor... C:/TeamCity/buildAgent/work/28754042a1be6052/inplace/mingw/bin/gcc.exe -E
checking for C:/TeamCity/buildAgent/work/28754042a1be6052/inplace/mingw/bin/gcc.exe option to accept ISO C99... none needed
checking for C:/ghc-dev/msys64/mingw64/lib/../mingw/bin/gcc.exe option to accept ISO C99... none needed
checking for C:/TeamCity/buildAgent/work/28754042a1be6052/inplace/mingw/bin/gcc.exe option to accept ISO C99... none needed
checking for C:/TeamCity/buildAgent/work/28754042a1be6052/inplace/mingw/bin/gcc.exe option to accept ISO C99... none needed
checking for -ld... C:/TeamCity/buildAgent/work/28754042a1be6052/inplace/mingw/bin/ld.exe
checking for -objdump... C:/TeamCity/buildAgent/work/28754042a1be6052/inplace/mingw/bin/objdump.exe
checking for ranlib... C:/TeamCity/buildAgent/work/28754042a1be6052/inplace/mingw/bin/ranlib.exe
checking for -strip... no
checking for libtool... /usr/bin/libtool
checking for -clang... no
checking for llc-5.0... no
checking for llc... no
checking for opt-5.0... no
checking for opt... no
checking whether #! works in shell scripts... yes
checking version of gcc... 6.3.0
checking whether GCC supports -no-pie... yes
checking whether C compiler is clang... no
checking whether C compiler has an LLVM back end... no
checking whether ld is GNU ld... YES
checking whether ld understands --build-id... yes
checking whether ld understands -no_compact_unwind... yes
checking whether ld understands -filelist... no
checking Setting up CFLAGS, LDFLAGS, IGNORE_LINKER_LD_FLAGS and CPPFLAGS... done
checking Setting up CONF_CC_OPTS_STAGE0, CONF_GCC_LINKER_OPTS_STAGE0, CONF_LD_LINKER_OPTS_STAGE0 and CONF_CPP_OPTS_STAGE0... done
checking Setting up CONF_CC_OPTS_STAGE1, CONF_GCC_LINKER_OPTS_STAGE1, CONF_LD_LINKER_OPTS_STAGE1 and CONF_CPP_OPTS_STAGE1... done
checking Setting up CONF_CC_OPTS_STAGE2, CONF_GCC_LINKER_OPTS_STAGE2, CONF_LD_LINKER_OPTS_STAGE2 and CONF_CPP_OPTS_STAGE2... done
checking for extra options to pass gcc when compiling via C...  -fwrapv -fno-builtin
checking for .subsections_via_symbols... no
checking whether your assembler supports .ident directive... yes
checking for GNU non-executable stack support... no
checking for a working context diff... diff -U 1
checking for a BSD-compatible install... /usr/bin/install -c
checking whether C:/TeamCity/buildAgent/work/28754042a1be6052/inplace/mingw/bin/ar.exe is GNU ar... yes
checking for ar arguments... q
checking whether C:/TeamCity/buildAgent/work/28754042a1be6052/inplace/mingw/bin/ar.exe supports @file... yes
checking for ranlib... (cached) C:/TeamCity/buildAgent/work/28754042a1be6052/inplace/mingw/bin/ranlib.exe
checking whether ln -s works... no, using cp -pR
checking for gsed... no
checking for sed... /usr/bin/sed
checking for time... /usr/bin/time
checking for gnutar... no
checking for gtar... no
checking for tar... /usr/bin/tar
checking for bzip2... /mingw64/bin/bzip2
checking for gzip... /usr/bin/gzip
checking for pxz... no
checking for xz... /mingw64/bin/xz
checking for gpatch... no
checking for patch... /usr/bin/patch
checking for dtrace... no
checking for HsColour... /usr/local/bin/HsColour
checking for sphinx-build... /mingw64/bin/sphinx-build
checking for version of sphinx-build... Sphinx (sphinx-build) 1.5
./configure: line 10849: test: Sphinx (sphinx-build) 1: integer expression expected
checking for xelatex... no
checking for ghc-pkg matching /mingw64/bin/ghc... /mingw64/bin/ghc-pkg
checking for happy... /usr/local/bin/happy
checking for version of happy... 1.19.5
checking for alex... /usr/local/bin/alex
checking for version of alex... 3.1.7
checking for ANSI C header files... (cached) yes
checking for special C compiler options needed for large files... no
checking for _FILE_OFFSET_BITS value needed for large files... 64
checking ctype.h usability... yes
checking ctype.h presence... yes
checking for ctype.h... yes
checking dirent.h usability... yes
checking dirent.h presence... yes
checking for dirent.h... yes
checking dlfcn.h usability... no
checking dlfcn.h presence... no
checking for dlfcn.h... no
checking errno.h usability... yes
checking errno.h presence... yes
checking for errno.h... yes
checking fcntl.h usability... yes
checking fcntl.h presence... yes
checking for fcntl.h... yes
checking grp.h usability... no
checking grp.h presence... no
checking for grp.h... no
checking limits.h usability... yes
checking limits.h presence... yes
checking for limits.h... yes
checking locale.h usability... yes
checking locale.h presence... yes
checking for locale.h... yes
checking nlist.h usability... no
checking nlist.h presence... no
checking for nlist.h... no
checking pthread.h usability... yes
checking pthread.h presence... yes
checking for pthread.h... yes
checking pwd.h usability... no
checking pwd.h presence... no
checking for pwd.h... no
checking signal.h usability... yes
checking signal.h presence... yes
checking for signal.h... yes
checking sys/param.h usability... yes
checking sys/param.h presence... yes
checking for sys/param.h... yes
checking sys/mman.h usability... no
checking sys/mman.h presence... no
checking for sys/mman.h... no
checking sys/resource.h usability... no
checking sys/resource.h presence... no
checking for sys/resource.h... no
checking sys/select.h usability... no
checking sys/select.h presence... no
checking for sys/select.h... no
checking sys/time.h usability... yes
checking sys/time.h presence... yes
checking for sys/time.h... yes
checking sys/timeb.h usability... yes
checking sys/timeb.h presence... yes
checking for sys/timeb.h... yes
checking sys/timerfd.h usability... no
checking sys/timerfd.h presence... no
checking for sys/timerfd.h... no
checking sys/timers.h usability... no
checking sys/timers.h presence... no
checking for sys/timers.h... no
checking sys/times.h usability... no
checking sys/times.h presence... no
checking for sys/times.h... no
checking sys/utsname.h usability... no
checking sys/utsname.h presence... no
checking for sys/utsname.h... no
checking sys/wait.h usability... no
checking sys/wait.h presence... no
checking for sys/wait.h... no
checking termios.h usability... no
checking termios.h presence... no
checking for termios.h... no
checking time.h usability... yes
checking time.h presence... yes
checking for time.h... yes
checking utime.h usability... yes
checking utime.h presence... yes
checking for utime.h... yes
checking windows.h usability... yes
checking windows.h presence... yes
checking for windows.h... yes
checking winsock.h usability... yes
checking winsock.h presence... yes
checking for winsock.h... yes
checking sched.h usability... yes
checking sched.h presence... yes
checking for sched.h... yes
checking for sys/cpuset.h... no
checking whether time.h and sys/time.h may both be included... yes
checking for long long... yes
checking size of char... 1
checking for char... yes
checking alignment of char... 1
checking size of double... 8
checking for double... yes
checking alignment of double... 8
checking size of float... 4
checking for float... yes
checking alignment of float... 4
checking size of int... 4
checking for int... yes
checking alignment of int... 4
checking size of long... 4
checking for long... yes
checking alignment of long... 4
checking size of long long... 8
checking for long long... (cached) yes
checking alignment of long long... 8
checking size of short... 2
checking for short... yes
checking alignment of short... 2
checking size of unsigned char... 1
checking for unsigned char... yes
checking alignment of unsigned char... 1
checking size of unsigned int... 4
checking for unsigned int... yes
checking alignment of unsigned int... 4
checking size of unsigned long... 4
checking for unsigned long... yes
checking alignment of unsigned long... 4
checking size of unsigned long long... 8
checking for unsigned long long... yes
checking alignment of unsigned long long... 8
checking size of unsigned short... 2
checking for unsigned short... yes
checking alignment of unsigned short... 2
checking size of void *... 8
checking for void *... yes
checking alignment of void *... 8
checking size of int8_t... 1
checking for int8_t... yes
checking alignment of int8_t... 1
checking size of uint8_t... 1
checking for uint8_t... yes
checking alignment of uint8_t... 1
checking size of int16_t... 2
checking for int16_t... yes
checking alignment of int16_t... 2
checking size of uint16_t... 2
checking for uint16_t... yes
checking alignment of uint16_t... 2
checking size of int32_t... 4
checking for int32_t... yes
checking alignment of int32_t... 4
checking size of uint32_t... 4
checking for uint32_t... yes
checking alignment of uint32_t... 4
checking size of int64_t... 8
checking for int64_t... yes
checking alignment of int64_t... 8
checking size of uint64_t... 8
checking for uint64_t... yes
checking alignment of uint64_t... 8
checking for WinExec... yes
checking for GetModuleFileName... yes
checking for getclock... no
checking for getrusage... no
checking for gettimeofday... yes
checking for setitimer... no
checking for siginterrupt... no
checking for sysconf... no
checking for times... no
checking for ctime_r... no
checking for sched_setaffinity... no
checking for setlocale... yes
checking whether ctime_r is declared... yes
checking for closedir in -lmingwex... yes
checking for atan in -lm... yes
checking for dlopen in -ldl... no
checking for size_t... yes
checking for working alloca.h... no
checking for alloca... yes
checking for pid_t... yes
checking vfork.h usability... no
checking vfork.h presence... no
checking for vfork.h... no
checking for fork... no
checking for vfork... no
checking for an ANSI C-conforming const... yes
checking whether byte ordering is bigendian... no
checking whether float word order is big endian... no
checking for nlist in -lelf... no
checking leading underscore in symbol names... no
checking whether __attribute__((visibility("hidden"))) is supported... no
checking for clock_gettime in -lrt... no
checking for clock_gettime... yes
checking for timer_settime... no
checking for timer_create... no
checking for printf$LDBLStub... no
checking whether -lpthread is needed for pthreads... checking for pthread_create... yes
no
checking for pthread_setname_np in -lpthread... yes
checking for pthread_setname_np... yes
checking sys/eventfd.h usability... no
checking sys/eventfd.h presence... no
checking for sys/eventfd.h... no
checking for eventfd... no
checking for __thread support... yes
checking whether MAP_NORESERVE is declared... no
checking whether MADV_FREE is declared... no
checking whether MADV_DONTNEED is declared... no
checking numa.h usability... no
checking numa.h presence... no
checking for numa.h... no
checking numaif.h usability... no
checking numaif.h presence... no
checking for numaif.h... no
configure: creating ./config.status
config.status: creating mk/config.mk
config.status: creating mk/install.mk
config.status: creating mk/project.mk
config.status: creating compiler/ghc.cabal
config.status: creating ghc/ghc-bin.cabal
config.status: creating utils/runghc/runghc.cabal
config.status: creating utils/gen-dll/gen-dll.cabal
config.status: creating libraries/ghc-boot/ghc-boot.cabal
config.status: creating libraries/ghc-boot-th/ghc-boot-th.cabal
config.status: creating libraries/ghci/ghci.cabal
config.status: creating settings
config.status: creating docs/users_guide/ghc_config.py
config.status: creating docs/index.html
config.status: creating libraries/prologue.txt
config.status: creating distrib/configure.ac
config.status: creating mk/config.h

----------------------------------------------------------------------
Configure completed successfully.

   Building GHC version  : 8.3.20171012
          Git commit id  : 3de788c4eaa0592165bf1fb9e9a6d5b8e2c27554

   Build platform        : x86_64-unknown-mingw32
   Host platform         : x86_64-unknown-mingw32
   Target platform       : x86_64-unknown-mingw32

   Bootstrapping using   : /mingw64/bin/ghc
      which is version   : 8.0.2

   Using (for bootstrapping) : C:/ghc-dev/msys64/mingw64/lib/../mingw/bin/gcc.exe
   Using gcc                 : C:/TeamCity/buildAgent/work/28754042a1be6052/inplace/mingw/bin/gcc.exe
      which is version       : 6.3.0
   Building a cross compiler : NO
   Unregisterised            : NO
   hs-cpp       : C:/TeamCity/buildAgent/work/28754042a1be6052/inplace/mingw/bin/gcc.exe
   hs-cpp-flags : -E -undef -traditional
   ar           : C:/TeamCity/buildAgent/work/28754042a1be6052/inplace/mingw/bin/ar.exe
   ld           : C:/TeamCity/buildAgent/work/28754042a1be6052/inplace/mingw/bin/ld.exe
   nm           : C:/TeamCity/buildAgent/work/28754042a1be6052/inplace/mingw/bin/nm.exe
   libtool      : C:/ghc-dev/msys64/usr/bin/libtool
   objdump      : C:/TeamCity/buildAgent/work/28754042a1be6052/inplace/mingw/bin/objdump.exe
   ranlib       : C:/TeamCity/buildAgent/work/28754042a1be6052/inplace/mingw/bin/ranlib.exe
   windres      : 
   dllwrap      : 
   genlib       : 
   Happy        : /usr/local/bin/happy (1.19.5)
   Alex         : /usr/local/bin/alex (3.1.7)
   Perl         : C:/TeamCity/buildAgent/work/28754042a1be6052/inplace/perl/perl
   sphinx-build : /mingw64/bin/sphinx-build
   xelatex      : 

   Using LLVM tools
      clang : 
      llc   : 
      opt   : 
   HsColour : /usr/local/bin/HsColour

   Tools to build Sphinx HTML documentation available: YES
   Tools to build Sphinx PDF documentation available: NO
----------------------------------------------------------------------

For a standard build of GHC (fully optimised with profiling), type (g)make.

To make changes to the default build configuration, copy the file
mk/build.mk.sample to mk/build.mk, and edit the settings in there.

For more information on how to configure your GHC build, see
   http://ghc.haskell.org/trac/ghc/wiki/Building

+ test -f mk/config.mk.old
+ cp -p mk/config.mk mk/config.mk.old
+ test -f mk/project.mk.old
+ cp -p mk/project.mk mk/project.mk.old
+ test -f compiler/ghc.cabal.old
+ cp -p compiler/ghc.cabal compiler/ghc.cabal.old
===--- building phase 0
  ALEX bootstrapping/Cabal/Distribution/Parsec/Lexer.hs
  HC [stage 0] utils/touchy/dist/build/touchy.o
Creating compiler/stage1/build/Config.hs ... 
done.
  HC [stage 0] utils/touchy/dist/build/tmp/touchy.exe
Warning: -rtsopts and -with-rtsopts have no effect with -no-hs-main.
    Call hs_init_ghc() from your main() function to set these options.
[  1 of 232] Compiling Text.Parsec.Pos  ( libraries\parsec\Text\Parsec\Pos.hs, bootstrapping\Text\Parsec\Pos.o )
[  2 of 232] Compiling Text.Parsec.Error ( libraries\parsec\Text\Parsec\Error.hs, bootstrapping\Text\Parsec\Error.o )
[  3 of 232] Compiling System.FilePath.Windows ( libraries\filepath\System\FilePath\Windows.hs, bootstrapping\System\FilePath\Windows.o )
[  4 of 232] Compiling System.FilePath.Posix ( libraries\filepath\System\FilePath\Posix.hs, bootstrapping\System\FilePath\Posix.o )
[  5 of 232] Compiling System.FilePath  ( libraries\filepath\System\FilePath.hs, bootstrapping\System\FilePath.o )
[  6 of 232] Compiling Distribution.Utils.UnionFind ( libraries\Cabal\Cabal\Distribution\Utils\UnionFind.hs, bootstrapping\Distribution\Utils\UnionFind.o )
[  7 of 232] Compiling Distribution.Utils.String ( libraries\Cabal\Cabal\Distribution\Utils\String.hs, bootstrapping\Distribution\Utils\String.o )
[  8 of 232] Compiling Distribution.Utils.Base62 ( libraries\Cabal\Cabal\Distribution\Utils\Base62.hs, bootstrapping\Distribution\Utils\Base62.o )
[  9 of 232] Compiling Distribution.PackageDescription.Utils ( libraries\Cabal\Cabal\Distribution\PackageDescription\Utils.hs, bootstrapping\Distribution\PackageDescription\Utils.o )
[ 10 of 232] Compiling Distribution.Compat.Stack ( libraries\Cabal\Cabal\Distribution\Compat\Stack.hs, bootstrapping\Distribution\Compat\Stack.o )
[ 11 of 232] Compiling Distribution.Compat.MonadFail ( libraries\Cabal\Cabal\Distribution\Compat\MonadFail.hs, bootstrapping\Distribution\Compat\MonadFail.o )
[ 12 of 232] Compiling Distribution.Compat.Map.Strict ( libraries\Cabal\Cabal\Distribution\Compat\Map\Strict.hs, bootstrapping\Distribution\Compat\Map\Strict.o )
[ 13 of 232] Compiling Distribution.Compat.Exception ( libraries\Cabal\Cabal\Distribution\Compat\Exception.hs, bootstrapping\Distribution\Compat\Exception.o )
[ 14 of 232] Compiling Distribution.Compat.Internal.TempFile ( libraries\Cabal\Cabal\Distribution\Compat\Internal\TempFile.hs, bootstrapping\Distribution\Compat\Internal\TempFile.o )
[ 15 of 232] Compiling Data.Text.Internal.Unsafe.Shift ( libraries\text\Data\Text\Internal\Unsafe\Shift.hs, bootstrapping\Data\Text\Internal\Unsafe\Shift.o )
[ 16 of 232] Compiling Data.Text.Internal.Unsafe ( libraries\text\Data\Text\Internal\Unsafe.hs, bootstrapping\Data\Text\Internal\Unsafe.o )
[ 17 of 232] Compiling Data.Text.Internal.Functions ( libraries\text\Data\Text\Internal\Functions.hs, bootstrapping\Data\Text\Internal\Functions.o )
[ 18 of 232] Compiling Data.Text.Internal.Encoding.Utf32 ( libraries\text\Data\Text\Internal\Encoding\Utf32.hs, bootstrapping\Data\Text\Internal\Encoding\Utf32.o )
[ 19 of 232] Compiling Data.Text.Internal.Encoding.Utf16 ( libraries\text\Data\Text\Internal\Encoding\Utf16.hs, bootstrapping\Data\Text\Internal\Encoding\Utf16.o )
[ 20 of 232] Compiling Data.Text.Encoding.Error ( libraries\text\Data\Text\Encoding\Error.hs, bootstrapping\Data\Text\Encoding\Error.o )
[ 21 of 232] Compiling Data.Text.Array  ( libraries\text\Data\Text\Array.hs, bootstrapping\Data\Text\Array.o )
[ 22 of 232] Compiling Data.Text.Internal.Unsafe.Char ( libraries\text\Data\Text\Internal\Unsafe\Char.hs, bootstrapping\Data\Text\Internal\Unsafe\Char.o )
[ 23 of 232] Compiling Data.Text.Internal ( libraries\text\Data\Text\Internal.hs, bootstrapping\Data\Text\Internal.o )
[ 24 of 232] Compiling Data.Text.Internal.Fusion.Size ( libraries\text\Data\Text\Internal\Fusion\Size.hs, bootstrapping\Data\Text\Internal\Fusion\Size.o )
[ 25 of 232] Compiling Data.Text.Internal.Fusion.Types ( libraries\text\Data\Text\Internal\Fusion\Types.hs, bootstrapping\Data\Text\Internal\Fusion\Types.o )
[ 26 of 232] Compiling Data.Text.Internal.Fusion.CaseMapping ( libraries\text\Data\Text\Internal\Fusion\CaseMapping.hs, bootstrapping\Data\Text\Internal\Fusion\CaseMapping.o )
[ 27 of 232] Compiling Data.Text.Internal.Fusion.Common ( libraries\text\Data\Text\Internal\Fusion\Common.hs, bootstrapping\Data\Text\Internal\Fusion\Common.o )
[ 28 of 232] Compiling Data.Text.Internal.Search ( libraries\text\Data\Text\Internal\Search.hs, bootstrapping\Data\Text\Internal\Search.o )
[ 29 of 232] Compiling Data.Text.Internal.Encoding.Utf8 ( libraries\text\Data\Text\Internal\Encoding\Utf8.hs, bootstrapping\Data\Text\Internal\Encoding\Utf8.o )
[ 30 of 232] Compiling Data.Text.Unsafe ( libraries\text\Data\Text\Unsafe.hs, bootstrapping\Data\Text\Unsafe.o )
[ 31 of 232] Compiling Data.Text.Internal.Private ( libraries\text\Data\Text\Internal\Private.hs, bootstrapping\Data\Text\Internal\Private.o )
[ 32 of 232] Compiling Data.Text.Internal.Fusion ( libraries\text\Data\Text\Internal\Fusion.hs, bootstrapping\Data\Text\Internal\Fusion.o )
[ 33 of 232] Compiling Data.Text.Internal.Encoding.Fusion.Common ( libraries\text\Data\Text\Internal\Encoding\Fusion\Common.hs, bootstrapping\Data\Text\Internal\Encoding\Fusion\Common.o )
[ 34 of 232] Compiling Data.Text.Internal.Encoding.Fusion ( libraries\text\Data\Text\Internal\Encoding\Fusion.hs, bootstrapping\Data\Text\Internal\Encoding\Fusion.o )
[ 35 of 232] Compiling Data.Text.Internal.Lazy.Encoding.Fusion ( libraries\text\Data\Text\Internal\Lazy\Encoding\Fusion.hs, bootstrapping\Data\Text\Internal\Lazy\Encoding\Fusion.o )
[ 36 of 232] Compiling Data.Text.Show   ( libraries\text\Data\Text\Show.hs, bootstrapping\Data\Text\Show.o )
[ 37 of 232] Compiling Data.Text.Encoding ( libraries\text\Data\Text\Encoding.hs, bootstrapping\Data\Text\Encoding.o )
[ 38 of 232] Compiling Data.Binary.Internal ( libraries\binary\src\Data\Binary\Internal.hs, bootstrapping\Data\Binary\Internal.o )
[ 39 of 232] Compiling Data.Binary.Get.Internal ( libraries\binary\src\Data\Binary\Get\Internal.hs, bootstrapping\Data\Binary\Get\Internal.o )
[ 40 of 232] Compiling Data.Binary.FloatCast ( libraries\binary\src\Data\Binary\FloatCast.hs, bootstrapping\Data\Binary\FloatCast.o )
[ 41 of 232] Compiling Data.Binary.Get  ( libraries\binary\src\Data\Binary\Get.hs, bootstrapping\Data\Binary\Get.o )
[ 42 of 232] Compiling Data.Binary.Builder ( libraries\binary\src\Data\Binary\Builder.hs, bootstrapping\Data\Binary\Builder.o )
[ 43 of 232] Compiling Data.Binary.Put  ( libraries\binary\src\Data\Binary\Put.hs, bootstrapping\Data\Binary\Put.o )
[ 44 of 232] Compiling Data.Binary.Class ( libraries\binary\src\Data\Binary\Class.hs, bootstrapping\Data\Binary\Class.o )

libraries\binary\src\Data\Binary\Class.hs:6:14: warning: [-Wtrustworthy-safe]
    `Data.Binary.Class' is marked as Trustworthy but has been inferred as safe!
[ 45 of 232] Compiling Data.Binary.Generic ( libraries\binary\src\Data\Binary\Generic.hs, bootstrapping\Data\Binary\Generic.o )
[ 46 of 232] Compiling Data.Binary      ( libraries\binary\src\Data\Binary.hs, bootstrapping\Data\Binary.o )
[ 47 of 232] Compiling Data.Text        ( libraries\text\Data\Text.hs, bootstrapping\Data\Text.o )
[ 48 of 232] Compiling Data.Text.Internal.Lazy ( libraries\text\Data\Text\Internal\Lazy.hs, bootstrapping\Data\Text\Internal\Lazy.o )
[ 49 of 232] Compiling Data.Text.Internal.Lazy.Fusion ( libraries\text\Data\Text\Internal\Lazy\Fusion.hs, bootstrapping\Data\Text\Internal\Lazy\Fusion.o )
[ 50 of 232] Compiling Data.Text.Internal.Lazy.Search ( libraries\text\Data\Text\Internal\Lazy\Search.hs, bootstrapping\Data\Text\Internal\Lazy\Search.o )
[ 51 of 232] Compiling Data.Text.Lazy.Encoding ( libraries\text\Data\Text\Lazy\Encoding.hs, bootstrapping\Data\Text\Lazy\Encoding.o )
[ 52 of 232] Compiling Data.Text.Lazy   ( libraries\text\Data\Text\Lazy.hs, bootstrapping\Data\Text\Lazy.o )
[ 53 of 232] Compiling Distribution.Compat.Binary ( libraries\Cabal\Cabal\Distribution\Compat\Binary.hs, bootstrapping\Distribution\Compat\Binary.o )
[ 54 of 232] Compiling Distribution.Compat.Semigroup ( libraries\Cabal\Cabal\Distribution\Compat\Semigroup.hs, bootstrapping\Distribution\Compat\Semigroup.o )
[ 55 of 232] Compiling Distribution.Compat.Prelude ( libraries\Cabal\Cabal\Distribution\Compat\Prelude.hs, bootstrapping\Distribution\Compat\Prelude.o )
[ 56 of 232] Compiling Distribution.Compat.CopyFile ( libraries\Cabal\Cabal\Distribution\Compat\CopyFile.hs, bootstrapping\Distribution\Compat\CopyFile.o )
[ 57 of 232] Compiling Distribution.Compat.CreatePipe ( libraries\Cabal\Cabal\Distribution\Compat\CreatePipe.hs, bootstrapping\Distribution\Compat\CreatePipe.o )
[ 58 of 232] Compiling Distribution.Compat.DList ( libraries\Cabal\Cabal\Distribution\Compat\DList.hs, bootstrapping\Distribution\Compat\DList.o )
[ 59 of 232] Compiling Distribution.Compat.Environment ( libraries\Cabal\Cabal\Distribution\Compat\Environment.hs, bootstrapping\Distribution\Compat\Environment.o )
[ 60 of 232] Compiling Distribution.Compat.GetShortPathName ( libraries\Cabal\Cabal\Distribution\Compat\GetShortPathName.hs, bootstrapping\Distribution\Compat\GetShortPathName.o )
[ 61 of 232] Compiling Distribution.Compat.Graph ( libraries\Cabal\Cabal\Distribution\Compat\Graph.hs, bootstrapping\Distribution\Compat\Graph.o )
[ 62 of 232] Compiling Distribution.Compat.ReadP ( libraries\Cabal\Cabal\Distribution\Compat\ReadP.hs, bootstrapping\Distribution\Compat\ReadP.o )
[ 63 of 232] Compiling Distribution.Compat.SnocList ( libraries\Cabal\Cabal\Distribution\Compat\SnocList.hs, bootstrapping\Distribution\Compat\SnocList.o )
[ 64 of 232] Compiling Distribution.GetOpt ( libraries\Cabal\Cabal\Distribution\GetOpt.hs, bootstrapping\Distribution\GetOpt.o )
[ 65 of 232] Compiling Distribution.Lex ( libraries\Cabal\Cabal\Distribution\Lex.hs, bootstrapping\Distribution\Lex.o )
[ 66 of 232] Compiling Distribution.Parsec.Types.Field ( libraries\Cabal\Cabal\Distribution\Parsec\Types\Field.hs, bootstrapping\Distribution\Parsec\Types\Field.o )
[ 67 of 232] Compiling Distribution.ReadE ( libraries\Cabal\Cabal\Distribution\ReadE.hs, bootstrapping\Distribution\ReadE.o )
[ 68 of 232] Compiling Distribution.Simple.CCompiler ( libraries\Cabal\Cabal\Distribution\Simple\CCompiler.hs, bootstrapping\Distribution\Simple\CCompiler.o )
[ 69 of 232] Compiling Distribution.Simple.PreProcess.Unlit ( libraries\Cabal\Cabal\Distribution\Simple\PreProcess\Unlit.hs, bootstrapping\Distribution\Simple\PreProcess\Unlit.o )
[ 70 of 232] Compiling Distribution.Simple.Program.Internal ( libraries\Cabal\Cabal\Distribution\Simple\Program\Internal.hs, bootstrapping\Distribution\Simple\Program\Internal.o )
[ 71 of 232] Compiling Distribution.TestSuite ( libraries\Cabal\Cabal\Distribution\TestSuite.hs, bootstrapping\Distribution\TestSuite.o )
[ 72 of 232] Compiling Distribution.Text ( libraries\Cabal\Cabal\Distribution\Text.hs, bootstrapping\Distribution\Text.o )
[ 73 of 232] Compiling Distribution.System ( libraries\Cabal\Cabal\Distribution\System.hs, bootstrapping\Distribution\System.o )
[ 74 of 232] Compiling Distribution.Types.BuildType ( libraries\Cabal\Cabal\Distribution\Types\BuildType.hs, bootstrapping\Distribution\Types\BuildType.o )
[ 75 of 232] Compiling Distribution.Types.Condition ( libraries\Cabal\Cabal\Distribution\Types\Condition.hs, bootstrapping\Distribution\Types\Condition.o )
[ 76 of 232] Compiling Distribution.Types.CondTree ( libraries\Cabal\Cabal\Distribution\Types\CondTree.hs, bootstrapping\Distribution\Types\CondTree.o )
[ 77 of 232] Compiling Distribution.Types.ExecutableScope ( libraries\Cabal\Cabal\Distribution\Types\ExecutableScope.hs, bootstrapping\Distribution\Types\ExecutableScope.o )
[ 78 of 232] Compiling Distribution.Types.ForeignLibOption ( libraries\Cabal\Cabal\Distribution\Types\ForeignLibOption.hs, bootstrapping\Distribution\Types\ForeignLibOption.o )
[ 79 of 232] Compiling Distribution.Types.ForeignLibType ( libraries\Cabal\Cabal\Distribution\Types\ForeignLibType.hs, bootstrapping\Distribution\Types\ForeignLibType.o )
[ 80 of 232] Compiling Distribution.Types.SourceRepo ( libraries\Cabal\Cabal\Distribution\Types\SourceRepo.hs, bootstrapping\Distribution\Types\SourceRepo.o )
[ 81 of 232] Compiling Distribution.Utils.Generic ( libraries\Cabal\Cabal\Distribution\Utils\Generic.hs, bootstrapping\Distribution\Utils\Generic.o )
[ 82 of 232] Compiling Distribution.Utils.MapAccum ( libraries\Cabal\Cabal\Distribution\Utils\MapAccum.hs, bootstrapping\Distribution\Utils\MapAccum.o )
[ 83 of 232] Compiling Distribution.Utils.Progress ( libraries\Cabal\Cabal\Distribution\Utils\Progress.hs, bootstrapping\Distribution\Utils\Progress.o )
[ 84 of 232] Compiling Distribution.Utils.ShortText ( libraries\Cabal\Cabal\Distribution\Utils\ShortText.hs, bootstrapping\Distribution\Utils\ShortText.o )
[ 85 of 232] Compiling Distribution.ModuleName ( libraries\Cabal\Cabal\Distribution\ModuleName.hs, bootstrapping\Distribution\ModuleName.o )
[ 86 of 232] Compiling Distribution.Types.ModuleRenaming ( libraries\Cabal\Cabal\Distribution\Types\ModuleRenaming.hs, bootstrapping\Distribution\Types\ModuleRenaming.o )
[ 87 of 232] Compiling Distribution.Types.IncludeRenaming ( libraries\Cabal\Cabal\Distribution\Types\IncludeRenaming.hs, bootstrapping\Distribution\Types\IncludeRenaming.o )
[ 88 of 232] Compiling Distribution.Types.AbiHash ( libraries\Cabal\Cabal\Distribution\Types\AbiHash.hs, bootstrapping\Distribution\Types\AbiHash.o )
[ 89 of 232] Compiling Distribution.Types.ComponentId ( libraries\Cabal\Cabal\Distribution\Types\ComponentId.hs, bootstrapping\Distribution\Types\ComponentId.o )
[ 90 of 232] Compiling Distribution.Types.PkgconfigName ( libraries\Cabal\Cabal\Distribution\Types\PkgconfigName.hs, bootstrapping\Distribution\Types\PkgconfigName.o )
[ 91 of 232] Compiling Distribution.Verbosity ( libraries\Cabal\Cabal\Distribution\Verbosity.hs, bootstrapping\Distribution\Verbosity.o )
[ 92 of 232] Compiling Distribution.Version ( libraries\Cabal\Cabal\Distribution\Version.hs, bootstrapping\Distribution\Version.o )
[ 93 of 232] Compiling Distribution.License ( libraries\Cabal\Cabal\Distribution\License.hs, bootstrapping\Distribution\License.o )
[ 94 of 232] Compiling Distribution.Types.BenchmarkType ( libraries\Cabal\Cabal\Distribution\Types\BenchmarkType.hs, bootstrapping\Distribution\Types\BenchmarkType.o )
[ 95 of 232] Compiling Distribution.Types.BenchmarkInterface ( libraries\Cabal\Cabal\Distribution\Types\BenchmarkInterface.hs, bootstrapping\Distribution\Types\BenchmarkInterface.o )
[ 96 of 232] Compiling Distribution.Types.PkgconfigDependency ( libraries\Cabal\Cabal\Distribution\Types\PkgconfigDependency.hs, bootstrapping\Distribution\Types\PkgconfigDependency.o )
[ 97 of 232] Compiling Distribution.Types.TestType ( libraries\Cabal\Cabal\Distribution\Types\TestType.hs, bootstrapping\Distribution\Types\TestType.o )
[ 98 of 232] Compiling Distribution.Types.TestSuiteInterface ( libraries\Cabal\Cabal\Distribution\Types\TestSuiteInterface.hs, bootstrapping\Distribution\Types\TestSuiteInterface.o )
[ 99 of 232] Compiling Language.Haskell.Extension ( libraries\Cabal\Cabal\Language\Haskell\Extension.hs, bootstrapping\Language\Haskell\Extension.o )
[100 of 232] Compiling Distribution.Compiler ( libraries\Cabal\Cabal\Distribution\Compiler.hs, bootstrapping\Distribution\Compiler.o )
[101 of 232] Compiling Distribution.PrettyUtils ( libraries\Cabal\Cabal\Distribution\PrettyUtils.hs, bootstrapping\Distribution\PrettyUtils.o )
[102 of 232] Compiling Distribution.ParseUtils ( libraries\Cabal\Cabal\Distribution\ParseUtils.hs, bootstrapping\Distribution\ParseUtils.o )
[103 of 232] Compiling Distribution.Types.LegacyExeDependency ( libraries\Cabal\Cabal\Distribution\Types\LegacyExeDependency.hs, bootstrapping\Distribution\Types\LegacyExeDependency.o )
[104 of 232] Compiling Distribution.Types.PackageName ( libraries\Cabal\Cabal\Distribution\Types\PackageName.hs, bootstrapping\Distribution\Types\PackageName.o )
[105 of 232] Compiling Distribution.Types.Mixin ( libraries\Cabal\Cabal\Distribution\Types\Mixin.hs, bootstrapping\Distribution\Types\Mixin.o )
[106 of 232] Compiling Distribution.Types.ModuleReexport ( libraries\Cabal\Cabal\Distribution\Types\ModuleReexport.hs, bootstrapping\Distribution\Types\ModuleReexport.o )
[107 of 232] Compiling Distribution.Types.PackageId ( libraries\Cabal\Cabal\Distribution\Types\PackageId.hs, bootstrapping\Distribution\Types\PackageId.o )
[108 of 232] Compiling Distribution.Simple.GHC.IPIConvert ( libraries\Cabal\Cabal\Distribution\Simple\GHC\IPIConvert.hs, bootstrapping\Distribution\Simple\GHC\IPIConvert.o )
[109 of 232] Compiling Distribution.Simple.Utils ( libraries\Cabal\Cabal\Distribution\Simple\Utils.hs, bootstrapping\Distribution\Simple\Utils.o )
[110 of 232] Compiling Distribution.Simple.Command ( libraries\Cabal\Cabal\Distribution\Simple\Command.hs, bootstrapping\Distribution\Simple\Command.o )
[111 of 232] Compiling Distribution.Simple.Program.Find ( libraries\Cabal\Cabal\Distribution\Simple\Program\Find.hs, bootstrapping\Distribution\Simple\Program\Find.o )
[112 of 232] Compiling Distribution.Simple.Program.Types ( libraries\Cabal\Cabal\Distribution\Simple\Program\Types.hs, bootstrapping\Distribution\Simple\Program\Types.o )
[113 of 232] Compiling Distribution.Simple.Program.Run ( libraries\Cabal\Cabal\Distribution\Simple\Program\Run.hs, bootstrapping\Distribution\Simple\Program\Run.o )
[114 of 232] Compiling Distribution.Simple.Program.Builtin ( libraries\Cabal\Cabal\Distribution\Simple\Program\Builtin.hs, bootstrapping\Distribution\Simple\Program\Builtin.o )
[115 of 232] Compiling Distribution.Simple.Program.Db ( libraries\Cabal\Cabal\Distribution\Simple\Program\Db.hs, bootstrapping\Distribution\Simple\Program\Db.o )
[116 of 232] Compiling Distribution.Simple.Program ( libraries\Cabal\Cabal\Distribution\Simple\Program.hs, bootstrapping\Distribution\Simple\Program.o )
[117 of 232] Compiling Distribution.Simple.Program.Hpc ( libraries\Cabal\Cabal\Distribution\Simple\Program\Hpc.hs, bootstrapping\Distribution\Simple\Program\Hpc.o )
[118 of 232] Compiling Distribution.Simple.Program.Ld ( libraries\Cabal\Cabal\Distribution\Simple\Program\Ld.hs, bootstrapping\Distribution\Simple\Program\Ld.o )
[119 of 232] Compiling Distribution.Simple.Program.Script ( libraries\Cabal\Cabal\Distribution\Simple\Program\Script.hs, bootstrapping\Distribution\Simple\Program\Script.o )
[120 of 232] Compiling Distribution.Simple.Program.Strip ( libraries\Cabal\Cabal\Distribution\Simple\Program\Strip.hs, bootstrapping\Distribution\Simple\Program\Strip.o )
[121 of 232] Compiling Distribution.Utils.LogProgress ( libraries\Cabal\Cabal\Distribution\Utils\LogProgress.hs, bootstrapping\Distribution\Utils\LogProgress.o )
[122 of 232] Compiling Distribution.Utils.NubList ( libraries\Cabal\Cabal\Distribution\Utils\NubList.hs, bootstrapping\Distribution\Utils\NubList.o )
[123 of 232] Compiling Distribution.Types.Dependency ( libraries\Cabal\Cabal\Distribution\Types\Dependency.hs, bootstrapping\Distribution\Types\Dependency.o )
[124 of 232] Compiling Distribution.Types.DependencyMap ( libraries\Cabal\Cabal\Distribution\Types\DependencyMap.hs, bootstrapping\Distribution\Types\DependencyMap.o )
[125 of 232] Compiling Distribution.Types.SetupBuildInfo ( libraries\Cabal\Cabal\Distribution\Types\SetupBuildInfo.hs, bootstrapping\Distribution\Types\SetupBuildInfo.o )
[126 of 232] Compiling Distribution.Types.UnitId ( libraries\Cabal\Cabal\Distribution\Types\UnitId.hs, bootstrapping\Distribution\Types\UnitId.o )
[127 of 232] Compiling Distribution.Types.Module ( libraries\Cabal\Cabal\Distribution\Types\Module.hs, bootstrapping\Distribution\Types\Module.o )
[128 of 232] Compiling Distribution.Backpack ( libraries\Cabal\Cabal\Distribution\Backpack.hs, bootstrapping\Distribution\Backpack.o )
[129 of 232] Compiling Distribution.Backpack.FullUnitId ( libraries\Cabal\Cabal\Distribution\Backpack\FullUnitId.hs, bootstrapping\Distribution\Backpack\FullUnitId.o )
[130 of 232] Compiling Distribution.Backpack.ModSubst ( libraries\Cabal\Cabal\Distribution\Backpack\ModSubst.hs, bootstrapping\Distribution\Backpack\ModSubst.o )
[131 of 232] Compiling Distribution.Types.UnqualComponentName ( libraries\Cabal\Cabal\Distribution\Types\UnqualComponentName.hs, bootstrapping\Distribution\Types\UnqualComponentName.o )
[132 of 232] Compiling Distribution.Types.ComponentName ( libraries\Cabal\Cabal\Distribution\Types\ComponentName.hs, bootstrapping\Distribution\Types\ComponentName.o )
[133 of 232] Compiling Distribution.Backpack.DescribeUnitId ( libraries\Cabal\Cabal\Distribution\Backpack\DescribeUnitId.hs, bootstrapping\Distribution\Backpack\DescribeUnitId.o )
[134 of 232] Compiling Distribution.Backpack.ModuleScope ( libraries\Cabal\Cabal\Distribution\Backpack\ModuleScope.hs, bootstrapping\Distribution\Backpack\ModuleScope.o )
[135 of 232] Compiling Distribution.Types.ExeDependency ( libraries\Cabal\Cabal\Distribution\Types\ExeDependency.hs, bootstrapping\Distribution\Types\ExeDependency.o )
[136 of 232] Compiling Distribution.Types.MungedPackageName ( libraries\Cabal\Cabal\Distribution\Types\MungedPackageName.hs, bootstrapping\Distribution\Types\MungedPackageName.o )
[137 of 232] Compiling Distribution.Types.MungedPackageId ( libraries\Cabal\Cabal\Distribution\Types\MungedPackageId.hs, bootstrapping\Distribution\Types\MungedPackageId.o )
[138 of 232] Compiling Distribution.Package ( libraries\Cabal\Cabal\Distribution\Package.hs, bootstrapping\Distribution\Package.o )
[139 of 232] Compiling Distribution.InstalledPackageInfo ( libraries\Cabal\Cabal\Distribution\InstalledPackageInfo.hs, bootstrapping\Distribution\InstalledPackageInfo.o )
[140 of 232] Compiling Distribution.Backpack.ModuleShape ( libraries\Cabal\Cabal\Distribution\Backpack\ModuleShape.hs, bootstrapping\Distribution\Backpack\ModuleShape.o )
[141 of 232] Compiling Distribution.Backpack.PreExistingComponent ( libraries\Cabal\Cabal\Distribution\Backpack\PreExistingComponent.hs, bootstrapping\Distribution\Backpack\PreExistingComponent.o )
[142 of 232] Compiling Distribution.Simple.GHC.IPI642 ( libraries\Cabal\Cabal\Distribution\Simple\GHC\IPI642.hs, bootstrapping\Distribution\Simple\GHC\IPI642.o )
[143 of 232] Compiling Distribution.Simple.InstallDirs ( libraries\Cabal\Cabal\Distribution\Simple\InstallDirs.hs, bootstrapping\Distribution\Simple\InstallDirs.o )
[144 of 232] Compiling Distribution.Simple.PackageIndex ( libraries\Cabal\Cabal\Distribution\Simple\PackageIndex.hs, bootstrapping\Distribution\Simple\PackageIndex.o )
[145 of 232] Compiling Distribution.Types.AnnotatedId ( libraries\Cabal\Cabal\Distribution\Types\AnnotatedId.hs, bootstrapping\Distribution\Types\AnnotatedId.o )
[146 of 232] Compiling Distribution.Types.ComponentInclude ( libraries\Cabal\Cabal\Distribution\Types\ComponentInclude.hs, bootstrapping\Distribution\Types\ComponentInclude.o )
[147 of 232] Compiling Distribution.Simple.Compiler ( libraries\Cabal\Cabal\Distribution\Simple\Compiler.hs, bootstrapping\Distribution\Simple\Compiler.o )
[148 of 232] Compiling Distribution.Simple.GHC.ImplInfo ( libraries\Cabal\Cabal\Distribution\Simple\GHC\ImplInfo.hs, bootstrapping\Distribution\Simple\GHC\ImplInfo.o )
[149 of 232] Compiling Distribution.Simple.Program.HcPkg ( libraries\Cabal\Cabal\Distribution\Simple\Program\HcPkg.hs, bootstrapping\Distribution\Simple\Program\HcPkg.o )
[150 of 232] Compiling Distribution.Types.BuildInfo ( libraries\Cabal\Cabal\Distribution\Types\BuildInfo.hs, bootstrapping\Distribution\Types\BuildInfo.o )
[151 of 232] Compiling Distribution.Types.Benchmark ( libraries\Cabal\Cabal\Distribution\Types\Benchmark.hs, bootstrapping\Distribution\Types\Benchmark.o )
[152 of 232] Compiling Distribution.Types.Executable ( libraries\Cabal\Cabal\Distribution\Types\Executable.hs, bootstrapping\Distribution\Types\Executable.o )
[153 of 232] Compiling Distribution.Types.ForeignLib ( libraries\Cabal\Cabal\Distribution\Types\ForeignLib.hs, bootstrapping\Distribution\Types\ForeignLib.o )
[154 of 232] Compiling Distribution.Types.HookedBuildInfo ( libraries\Cabal\Cabal\Distribution\Types\HookedBuildInfo.hs, bootstrapping\Distribution\Types\HookedBuildInfo.o )
[155 of 232] Compiling Distribution.Types.Library ( libraries\Cabal\Cabal\Distribution\Types\Library.hs, bootstrapping\Distribution\Types\Library.o )
[156 of 232] Compiling Distribution.Types.TestSuite ( libraries\Cabal\Cabal\Distribution\Types\TestSuite.hs, bootstrapping\Distribution\Types\TestSuite.o )
[157 of 232] Compiling Distribution.Types.Component ( libraries\Cabal\Cabal\Distribution\Types\Component.hs, bootstrapping\Distribution\Types\Component.o )
[158 of 232] Compiling Distribution.Types.ComponentRequestedSpec ( libraries\Cabal\Cabal\Distribution\Types\ComponentRequestedSpec.hs, bootstrapping\Distribution\Types\ComponentRequestedSpec.o )
[159 of 232] Compiling Distribution.Types.PackageDescription ( libraries\Cabal\Cabal\Distribution\Types\PackageDescription.hs, bootstrapping\Distribution\Types\PackageDescription.o )
[160 of 232] Compiling Distribution.Types.GenericPackageDescription ( libraries\Cabal\Cabal\Distribution\Types\GenericPackageDescription.hs, bootstrapping\Distribution\Types\GenericPackageDescription.o )
[161 of 232] Compiling Distribution.PackageDescription ( libraries\Cabal\Cabal\Distribution\PackageDescription.hs, bootstrapping\Distribution\PackageDescription.o )
[162 of 232] Compiling Distribution.Backpack.UnifyM ( libraries\Cabal\Cabal\Distribution\Backpack\UnifyM.hs, bootstrapping\Distribution\Backpack\UnifyM.o )
[163 of 232] Compiling Distribution.Backpack.MixLink ( libraries\Cabal\Cabal\Distribution\Backpack\MixLink.hs, bootstrapping\Distribution\Backpack\MixLink.o )
[164 of 232] Compiling Distribution.PackageDescription.Configuration ( libraries\Cabal\Cabal\Distribution\PackageDescription\Configuration.hs, bootstrapping\Distribution\PackageDescription\Configuration.o )
[165 of 232] Compiling Distribution.PackageDescription.Parse ( libraries\Cabal\Cabal\Distribution\PackageDescription\Parse.hs, bootstrapping\Distribution\PackageDescription\Parse.o )
[166 of 232] Compiling Distribution.PackageDescription.PrettyPrint ( libraries\Cabal\Cabal\Distribution\PackageDescription\PrettyPrint.hs, bootstrapping\Distribution\PackageDescription\PrettyPrint.o )
[167 of 232] Compiling Distribution.Simple.BuildToolDepends ( libraries\Cabal\Cabal\Distribution\Simple\BuildToolDepends.hs, bootstrapping\Distribution\Simple\BuildToolDepends.o )
[168 of 232] Compiling Distribution.Types.ComponentLocalBuildInfo ( libraries\Cabal\Cabal\Distribution\Types\ComponentLocalBuildInfo.hs, bootstrapping\Distribution\Types\ComponentLocalBuildInfo.o )
[169 of 232] Compiling Distribution.Types.TargetInfo ( libraries\Cabal\Cabal\Distribution\Types\TargetInfo.hs, bootstrapping\Distribution\Types\TargetInfo.o )
[170 of 232] Compiling Distribution.Simple.Setup ( libraries\Cabal\Cabal\Distribution\Simple\Setup.hs, bootstrapping\Distribution\Simple\Setup.o )
[171 of 232] Compiling Distribution.Simple.Program.GHC ( libraries\Cabal\Cabal\Distribution\Simple\Program\GHC.hs, bootstrapping\Distribution\Simple\Program\GHC.o )
[172 of 232] Compiling Distribution.Types.LocalBuildInfo ( libraries\Cabal\Cabal\Distribution\Types\LocalBuildInfo.hs, bootstrapping\Distribution\Types\LocalBuildInfo.o )
[173 of 232] Compiling Distribution.Simple.LocalBuildInfo ( libraries\Cabal\Cabal\Distribution\Simple\LocalBuildInfo.hs, bootstrapping\Distribution\Simple\LocalBuildInfo.o )
[174 of 232] Compiling Distribution.Backpack.ComponentsGraph ( libraries\Cabal\Cabal\Distribution\Backpack\ComponentsGraph.hs, bootstrapping\Distribution\Backpack\ComponentsGraph.o )
[175 of 232] Compiling Distribution.Backpack.Id ( libraries\Cabal\Cabal\Distribution\Backpack\Id.hs, bootstrapping\Distribution\Backpack\Id.o )
[176 of 232] Compiling Distribution.Backpack.ConfiguredComponent ( libraries\Cabal\Cabal\Distribution\Backpack\ConfiguredComponent.hs, bootstrapping\Distribution\Backpack\ConfiguredComponent.o )
[177 of 232] Compiling Distribution.Backpack.LinkedComponent ( libraries\Cabal\Cabal\Distribution\Backpack\LinkedComponent.hs, bootstrapping\Distribution\Backpack\LinkedComponent.o )
[178 of 232] Compiling Distribution.Backpack.ReadyComponent ( libraries\Cabal\Cabal\Distribution\Backpack\ReadyComponent.hs, bootstrapping\Distribution\Backpack\ReadyComponent.o )
[179 of 232] Compiling Distribution.Backpack.Configure ( libraries\Cabal\Cabal\Distribution\Backpack\Configure.hs, bootstrapping\Distribution\Backpack\Configure.o )
[180 of 232] Compiling Distribution.Simple.Build.Macros ( libraries\Cabal\Cabal\Distribution\Simple\Build\Macros.hs, bootstrapping\Distribution\Simple\Build\Macros.o )
[181 of 232] Compiling Distribution.Simple.BuildPaths ( libraries\Cabal\Cabal\Distribution\Simple\BuildPaths.hs, bootstrapping\Distribution\Simple\BuildPaths.o )
[182 of 232] Compiling Distribution.PackageDescription.Check ( libraries\Cabal\Cabal\Distribution\PackageDescription\Check.hs, bootstrapping\Distribution\PackageDescription\Check.o )
[183 of 232] Compiling Distribution.Simple.Build.PathsModule ( libraries\Cabal\Cabal\Distribution\Simple\Build\PathsModule.hs, bootstrapping\Distribution\Simple\Build\PathsModule.o )
[184 of 232] Compiling Distribution.Simple.BuildTarget ( libraries\Cabal\Cabal\Distribution\Simple\BuildTarget.hs, bootstrapping\Distribution\Simple\BuildTarget.o )
[185 of 232] Compiling Distribution.Simple.GHC.Internal ( libraries\Cabal\Cabal\Distribution\Simple\GHC\Internal.hs, bootstrapping\Distribution\Simple\GHC\Internal.o )
[186 of 232] Compiling Distribution.Simple.HaskellSuite ( libraries\Cabal\Cabal\Distribution\Simple\HaskellSuite.hs, bootstrapping\Distribution\Simple\HaskellSuite.o )
[187 of 232] Compiling Distribution.Simple.Hpc ( libraries\Cabal\Cabal\Distribution\Simple\Hpc.hs, bootstrapping\Distribution\Simple\Hpc.o )
[188 of 232] Compiling Distribution.Simple.JHC ( libraries\Cabal\Cabal\Distribution\Simple\JHC.hs, bootstrapping\Distribution\Simple\JHC.o )
[189 of 232] Compiling Distribution.Simple.LHC ( libraries\Cabal\Cabal\Distribution\Simple\LHC.hs, bootstrapping\Distribution\Simple\LHC.o )
[190 of 232] Compiling Distribution.Simple.Program.Ar ( libraries\Cabal\Cabal\Distribution\Simple\Program\Ar.hs, bootstrapping\Distribution\Simple\Program\Ar.o )
[191 of 232] Compiling Distribution.Simple.GHC ( libraries\Cabal\Cabal\Distribution\Simple\GHC.hs, bootstrapping\Distribution\Simple\GHC.o )
[192 of 232] Compiling Distribution.Simple.GHCJS ( libraries\Cabal\Cabal\Distribution\Simple\GHCJS.hs, bootstrapping\Distribution\Simple\GHCJS.o )
[193 of 232] Compiling Distribution.Simple.Test.Log ( libraries\Cabal\Cabal\Distribution\Simple\Test\Log.hs, bootstrapping\Distribution\Simple\Test\Log.o )
[194 of 232] Compiling Distribution.Simple.UHC ( libraries\Cabal\Cabal\Distribution\Simple\UHC.hs, bootstrapping\Distribution\Simple\UHC.o )
[195 of 232] Compiling Distribution.Simple.Install ( libraries\Cabal\Cabal\Distribution\Simple\Install.hs, bootstrapping\Distribution\Simple\Install.o )
[196 of 232] Compiling Distribution.Simple.Register ( libraries\Cabal\Cabal\Distribution\Simple\Register.hs, bootstrapping\Distribution\Simple\Register.o )
[197 of 232] Compiling Distribution.Simple.Test.ExeV10 ( libraries\Cabal\Cabal\Distribution\Simple\Test\ExeV10.hs, bootstrapping\Distribution\Simple\Test\ExeV10.o )
[198 of 232] Compiling Distribution.Simple.Test.LibV09 ( libraries\Cabal\Cabal\Distribution\Simple\Test\LibV09.hs, bootstrapping\Distribution\Simple\Test\LibV09.o )
[199 of 232] Compiling Distribution.Simple.PreProcess ( libraries\Cabal\Cabal\Distribution\Simple\PreProcess.hs, bootstrapping\Distribution\Simple\PreProcess.o )
[200 of 232] Compiling Distribution.Simple.SrcDist ( libraries\Cabal\Cabal\Distribution\Simple\SrcDist.hs, bootstrapping\Distribution\Simple\SrcDist.o )
[201 of 232] Compiling Distribution.Simple.UserHooks ( libraries\Cabal\Cabal\Distribution\Simple\UserHooks.hs, bootstrapping\Distribution\Simple\UserHooks.o )
[202 of 232] Compiling Distribution.Simple.Bench ( libraries\Cabal\Cabal\Distribution\Simple\Bench.hs, bootstrapping\Distribution\Simple\Bench.o )
[203 of 232] Compiling Distribution.Simple.Test ( libraries\Cabal\Cabal\Distribution\Simple\Test.hs, bootstrapping\Distribution\Simple\Test.o )
[204 of 232] Compiling Distribution.Simple.Configure ( libraries\Cabal\Cabal\Distribution\Simple\Configure.hs, bootstrapping\Distribution\Simple\Configure.o )
[205 of 232] Compiling Distribution.Simple.Build ( libraries\Cabal\Cabal\Distribution\Simple\Build.hs, bootstrapping\Distribution\Simple\Build.o )
[206 of 232] Compiling Distribution.Simple.Doctest ( libraries\Cabal\Cabal\Distribution\Simple\Doctest.hs, bootstrapping\Distribution\Simple\Doctest.o )
[207 of 232] Compiling Distribution.Simple.Haddock ( libraries\Cabal\Cabal\Distribution\Simple\Haddock.hs, bootstrapping\Distribution\Simple\Haddock.o )
[208 of 232] Compiling Control.Monad.Trans ( libraries\mtl\Control\Monad\Trans.hs, bootstrapping\Control\Monad\Trans.o )
[209 of 232] Compiling Control.Monad.State.Class ( libraries\mtl\Control\Monad\State\Class.hs, bootstrapping\Control\Monad\State\Class.o )
[210 of 232] Compiling Control.Monad.Reader.Class ( libraries\mtl\Control\Monad\Reader\Class.hs, bootstrapping\Control\Monad\Reader\Class.o )
[211 of 232] Compiling Control.Monad.Identity ( libraries\mtl\Control\Monad\Identity.hs, bootstrapping\Control\Monad\Identity.o )
[212 of 232] Compiling Control.Monad.Error.Class ( libraries\mtl\Control\Monad\Error\Class.hs, bootstrapping\Control\Monad\Error\Class.o )
[213 of 232] Compiling Control.Monad.Cont.Class ( libraries\mtl\Control\Monad\Cont\Class.hs, bootstrapping\Control\Monad\Cont\Class.o )
[214 of 232] Compiling Text.Parsec.Prim ( libraries\parsec\Text\Parsec\Prim.hs, bootstrapping\Text\Parsec\Prim.o )
[215 of 232] Compiling Text.Parsec.Char ( libraries\parsec\Text\Parsec\Char.hs, bootstrapping\Text\Parsec\Char.o )
[216 of 232] Compiling Text.Parsec.Combinator ( libraries\parsec\Text\Parsec\Combinator.hs, bootstrapping\Text\Parsec\Combinator.o )
[217 of 232] Compiling Text.Parsec      ( libraries\parsec\Text\Parsec.hs, bootstrapping\Text\Parsec.o )
[218 of 232] Compiling Distribution.Compat.Parsec ( libraries\Cabal\Cabal\Distribution\Compat\Parsec.hs, bootstrapping\Distribution\Compat\Parsec.o )
[219 of 232] Compiling Distribution.Parsec.Types.Common ( libraries\Cabal\Cabal\Distribution\Parsec\Types\Common.hs, bootstrapping\Distribution\Parsec\Types\Common.o )
[220 of 232] Compiling Distribution.Parsec.LexerMonad ( libraries\Cabal\Cabal\Distribution\Parsec\LexerMonad.hs, bootstrapping\Distribution\Parsec\LexerMonad.o )
[221 of 232] Compiling Distribution.Parsec.Lexer ( bootstrapping\Cabal\Distribution\Parsec\Lexer.hs, bootstrapping\Distribution\Parsec\Lexer.o )
[222 of 232] Compiling Distribution.Parsec.Parser ( libraries\Cabal\Cabal\Distribution\Parsec\Parser.hs, bootstrapping\Distribution\Parsec\Parser.o )
[223 of 232] Compiling Distribution.Parsec.Types.ParseResult ( libraries\Cabal\Cabal\Distribution\Parsec\Types\ParseResult.hs, bootstrapping\Distribution\Parsec\Types\ParseResult.o )
[224 of 232] Compiling Text.Parsec.Token ( libraries\parsec\Text\Parsec\Token.hs, bootstrapping\Text\Parsec\Token.o )
[225 of 232] Compiling Text.Parsec.Language ( libraries\parsec\Text\Parsec\Language.hs, bootstrapping\Text\Parsec\Language.o )
[226 of 232] Compiling Distribution.Parsec.Class ( libraries\Cabal\Cabal\Distribution\Parsec\Class.hs, bootstrapping\Distribution\Parsec\Class.o )
[227 of 232] Compiling Distribution.Parsec.ConfVar ( libraries\Cabal\Cabal\Distribution\Parsec\ConfVar.hs, bootstrapping\Distribution\Parsec\ConfVar.o )
[228 of 232] Compiling Distribution.Parsec.Types.FieldDescr ( libraries\Cabal\Cabal\Distribution\Parsec\Types\FieldDescr.hs, bootstrapping\Distribution\Parsec\Types\FieldDescr.o )
[229 of 232] Compiling Distribution.PackageDescription.Parsec.FieldDescr ( libraries\Cabal\Cabal\Distribution\PackageDescription\Parsec\FieldDescr.hs, bootstrapping\Distribution\PackageDescription\Parsec\FieldDescr.o )
[230 of 232] Compiling Distribution.PackageDescription.Parsec ( libraries\Cabal\Cabal\Distribution\PackageDescription\Parsec.hs, bootstrapping\Distribution\PackageDescription\Parsec.o )
[231 of 232] Compiling Distribution.Simple ( libraries\Cabal\Cabal\Distribution\Simple.hs, bootstrapping\Distribution\Simple.o )
[232 of 232] Compiling Main             ( utils\ghc-cabal\Main.hs, bootstrapping\Main.o )
Linking utils/ghc-cabal/dist/build/tmp/ghc-cabal.exe ...
  GHC PKG libraries/binary/dist-boot/package-data.mk
binary-0.8.5.1: Warning: Unrecognized field abi-depends on line 37
binary-0.8.5.1: Warning: Unrecognized field indefinite on line 22
binary-0.8.5.1: Warning: haddock-interfaces: C:\TeamCity\buildAgent\work\28754042a1be6052\libraries\binary\dist-boot\doc\html\binary\binary.haddock doesn't exist or isn't a file
  GHC PKG libraries/text/dist-boot/package-data.mk
text-1.2.3.0: Warning: Unrecognized field abi-depends on line 76
text-1.2.3.0: Warning: Unrecognized field indefinite on line 40
text-1.2.3.0: Warning: haddock-interfaces: C:\TeamCity\buildAgent\work\28754042a1be6052\libraries\text\dist-boot\doc\html\text\text.haddock doesn't exist or isn't a file
  GHC PKG libraries/transformers/dist-boot/package-data.mk
transformers-0.5.4.0: Warning: Unrecognized field abi-depends on line 55
transformers-0.5.4.0: Warning: Unrecognized field indefinite on line 32
transformers-0.5.4.0: Warning: haddock-interfaces: C:\TeamCity\buildAgent\work\28754042a1be6052\libraries\transformers\dist-boot\doc\html\transformers\transformers.haddock doesn't exist or isn't a file
  GHC PKG libraries/mtl/dist-boot/package-data.mk
mtl-2.2.2: Warning: Unrecognized field abi-depends on line 39
mtl-2.2.2: Warning: Unrecognized field indefinite on line 18
mtl-2.2.2: Warning: haddock-interfaces: C:\TeamCity\buildAgent\work\28754042a1be6052\libraries\mtl\dist-boot\doc\html\mtl\mtl.haddock doesn't exist or isn't a file
  GHC PKG libraries/parsec/dist-boot/package-data.mk
parsec-3.1.12: Warning: Unrecognized field abi-depends on line 44
parsec-3.1.12: Warning: Unrecognized field indefinite on line 19
parsec-3.1.12: Warning: haddock-interfaces: C:\TeamCity\buildAgent\work\28754042a1be6052\libraries\parsec\dist-boot\doc\html\parsec\parsec.haddock doesn't exist or isn't a file
  GHC PKG libraries/Cabal/Cabal/dist-boot/package-data.mk
Cabal-2.0.0.2: Warning: Unrecognized field abi-depends on line 138
Cabal-2.0.0.2: Warning: Unrecognized field indefinite on line 20
Cabal-2.0.0.2: Warning: haddock-interfaces: C:\TeamCity\buildAgent\work\28754042a1be6052\libraries\Cabal\Cabal\dist-boot\doc\html\Cabal\Cabal.haddock doesn't exist or isn't a file
  GHC PKG libraries/hpc/dist-boot/package-data.mk
hpc-0.6.0.3: Warning: Unrecognized field abi-depends on line 29
hpc-0.6.0.3: Warning: Unrecognized field indefinite on line 16
hpc-0.6.0.3: Warning: haddock-interfaces: C:\TeamCity\buildAgent\work\28754042a1be6052\libraries\hpc\dist-boot\doc\html\hpc\hpc.haddock doesn't exist or isn't a file
  GHC PKG libraries/ghc-boot-th/dist-boot/package-data.mk
ghc-boot-th-8.3: Warning: Unrecognized field abi-depends on line 30
ghc-boot-th-8.3: Warning: Unrecognized field indefinite on line 18
ghc-boot-th-8.3: Warning: haddock-interfaces: C:\TeamCity\buildAgent\work\28754042a1be6052\libraries\ghc-boot-th\dist-boot\doc\html\ghc-boot-th\ghc-boot-th.haddock doesn't exist or isn't a file
  GHC PKG libraries/ghc-boot/dist-boot/package-data.mk
ghc-boot-8.3: Warning: Unrecognized field abi-depends on line 37
ghc-boot-8.3: Warning: Unrecognized field indefinite on line 23
ghc-boot-8.3: Warning: haddock-interfaces: C:\TeamCity\buildAgent\work\28754042a1be6052\libraries\ghc-boot\dist-boot\doc\html\ghc-boot\ghc-boot.haddock doesn't exist or isn't a file
  GHC PKG libraries/template-haskell/dist-boot/package-data.mk
template-haskell-2.13.0.0: Warning: Unrecognized field abi-depends on line 32
template-haskell-2.13.0.0: Warning: Unrecognized field indefinite on line 16
template-haskell-2.13.0.0: Warning: haddock-interfaces: C:\TeamCity\buildAgent\work\28754042a1be6052\libraries\template-haskell\dist-boot\doc\html\template-haskell\template-haskell.haddock doesn't exist or isn't a file
  GHC PKG libraries/ghci/dist-boot/package-data.mk
ghci-8.3: Warning: Unrecognized field abi-depends on line 30
ghci-8.3: Warning: Unrecognized field indefinite on line 14
ghci-8.3: Warning: haddock-interfaces: C:\TeamCity\buildAgent\work\28754042a1be6052\libraries\ghci\dist-boot\doc\html\ghci\ghci.haddock doesn't exist or isn't a file
  GHC PKG compiler/stage1/package-data.mk
ghc-8.3: Warning: Unrecognized field abi-depends on line 128
ghc-8.3: Warning: Unrecognized field indefinite on line 19
ghc-8.3: Warning: haddock-interfaces: C:\TeamCity\buildAgent\work\28754042a1be6052\compiler\stage1\doc\html\ghc\ghc.haddock doesn't exist or isn't a file
Creating includes/ghcautoconf.h...
Creating includes/ghcplatform.h...
  ALEX utils/genprimopcode/dist/build/Lexer.hs
  HAPPY utils/genprimopcode/dist/build/Parser.hs
Done.
Done.
===--- building phase 1
Creating compiler/stage1/ghc_boot_platform.h...
  ALEX compiler/stage1/build/CmmLex.hs
  HAPPY compiler/stage1/build/CmmParse.hs
  ALEX compiler/stage1/build/Lexer.hs
  HAPPY compiler/stage1/build/Parser.hs
  HC [stage 0] utils/hsc2hs/dist/build/HSCParser.o
  HC [stage 0] utils/hsc2hs/dist/build/Flags.o
  HC [stage 0] utils/hsc2hs/dist/build/Common.o
  HC [stage 0] utils/hsc2hs/dist/build/Paths_hsc2hs.o
  HC [stage 0] utils/deriveConstants/dist/build/Main.o
Done.
Creating includes/ghcversion.h...
  HC [stage 0] utils/genprimopcode/dist/build/Syntax.o
  HC [stage 0] utils/genprimopcode/dist/build/ParserM.o
Done.

on the commandline: warning: unrecognised warning flag: -Wcpp-undef
  HC [stage 0] utils/hsc2hs/dist/build/C.o
  HC [stage 0] utils/deriveConstants/dist/build/tmp/deriveConstants.exe
  HC [stage 0] utils/genprimopcode/dist/build/Lexer.o
  ALEX libraries/Cabal/Cabal/dist-boot/build/Distribution/Parsec/Lexer.hs
  HC [stage 0] utils/hsc2hs/dist/build/UtilsCodegen.o
  HC [stage 0] utils/hsc2hs/dist/build/CrossCodegen.o
  HC [stage 0] utils/genprimopcode/dist/build/Parser.o
  HC [stage 0] utils/hsc2hs/dist/build/DirectCodegen.o
  HC [stage 0] utils/genprimopcode/dist/build/Main.o
  HC [stage 0] utils/hsc2hs/dist/build/Main.o
  HC [stage 0] utils/genprimopcode/dist/build/tmp/genprimopcode.exe
  HC [stage 0] utils/hsc2hs/dist/build/tmp/hsc2hs.exe
  HSC2HS compiler/stage1/build/Fingerprint.hs
  HSC2HS libraries/ghci/dist-boot/build/GHCi/InfoTable.hs
  HSC2HS libraries/ghci/dist-boot/build/GHCi/FFI.hs
  HSC2HS libraries/hpc/dist-boot/build/Trace/Hpc/Reflect.hs

on the commandline: warning: unrecognised warning flag: -Wcpp-undef
  HC [stage 0] libraries/Cabal/Cabal/dist-boot/build/Paths_Cabal.o
  HC [stage 0] libraries/Cabal/Cabal/dist-boot/build/Distribution/Compat/MonadFail.o
  HC [stage 0] libraries/Cabal/Cabal/dist-boot/build/Distribution/Compat/Stack.o
  HC [stage 0] libraries/binary/dist-boot/build/Data/Binary/FloatCast.o
  HC [stage 0] libraries/binary/dist-boot/build/Data/Binary/Builder.o
  HC [stage 0] libraries/binary/dist-boot/build/Data/Binary/Internal.o
  HC [stage 0] libraries/Cabal/Cabal/dist-boot/build/Distribution/Compat/Exception.o
  HC [stage 0] libraries/Cabal/Cabal/dist-boot/build/Distribution/Utils/String.o
  HC [stage 0] libraries/Cabal/Cabal/dist-boot/build/Distribution/Utils/Base62.o
  HC [stage 0] libraries/Cabal/Cabal/dist-boot/build/Distribution/Compat/Map/Strict.o
  HC [stage 0] utils/ghc-pkg/dist/build/Version.o
  HC [stage 0] utils/ghc-pkg/dist/build/CRT_noglob.o
  HC [stage 0] libraries/ghc-boot-th/dist-boot/build/GHC/LanguageExtensions/Type.o
  HC [stage 0] libraries/ghc-boot/dist-boot/build/GHC/Serialized.o
  HC [stage 0] libraries/ghc-boot-th/dist-boot/build/GHC/ForeignSrcLang/Type.o
  HC [stage 0] libraries/ghc-boot-th/dist-boot/build/GHC/Lexeme.o
  HC [stage 0] libraries/Cabal/Cabal/dist-boot/build/Distribution/PackageDescription/Utils.o
  HC [stage 0] libraries/Cabal/Cabal/dist-boot/build/Distribution/Utils/UnionFind.o
  HC [stage 0] libraries/parsec/dist-boot/build/Text/Parsec/Pos.o
  HC [stage 0] libraries/transformers/dist-boot/build/Control/Monad/Trans/Class.o
  HC [stage 0] libraries/transformers/dist-boot/build/Control/Monad/Signatures.o
  HC [stage 0] libraries/text/dist-boot/build/Data/Text/Internal/Unsafe/Shift.o
  HC [stage 0] libraries/text/dist-boot/build/Data/Text/Internal/Unsafe.o
  HC [stage 0] libraries/text/dist-boot/build/Data/Text/Internal/Encoding/Utf16.o
  HC [stage 0] libraries/text/dist-boot/build/Data/Text/Internal/Functions.o
  HC [stage 0] libraries/text/dist-boot/build/Data/Text/Internal/Encoding/Utf32.o
  HC [stage 0] libraries/text/dist-boot/build/Data/Text/Encoding/Error.o
  HC [stage 0] libraries/text/dist-boot/build/Data/Text/Internal/Builder/Int/Digits.o
  HC [stage 0] libraries/text/dist-boot/build/Data/Text/Internal/Builder/RealFloat/Functions.o
  HC [stage 0] libraries/text/dist-boot/build/Data/Text/Internal/Read.o
  HC [stage 0] libraries/transformers/dist-boot/build/Data/Functor/Constant.o
  HC [stage 0] libraries/transformers/dist-boot/build/Control/Applicative/Backwards.o
  HC [stage 0] compiler/stage1/build/GhcPrelude.o

on the commandline: warning: unrecognised warning flag: -Wcpp-undef
  HC [stage 0] libraries/template-haskell/dist-boot/build/Language/Haskell/TH/Lib/Map.o
  HC [stage 0] libraries/ghci/dist-boot/build/GHCi/BreakArray.o
  HC [stage 0] libraries/ghci/dist-boot/build/GHCi/InfoTable.o
  HC [stage 0] libraries/hpc/dist-boot/build/Trace/Hpc/Util.o
  HC [stage 0] ghc/stage1/build/hschooks.o

on the commandline: warning: unrecognised warning flag: -Wcpp-undef

libraries\ghci\GHCi\InfoTable.hsc:20:1: warning: [-Wunused-imports]
    The import of `Foreign.C' is redundant
      except perhaps to import instances from `Foreign.C'
    To import instances alone, use: import Foreign.C()

libraries\ghci\GHCi\InfoTable.hsc:21:1: warning: [-Wunused-imports]
    The import of `GHC.Ptr' is redundant
      except perhaps to import instances from `GHC.Ptr'
    To import instances alone, use: import GHC.Ptr()

libraries\ghci\GHCi\InfoTable.hsc:22:1: warning: [-Wunused-imports]
    The import of `GHC.Exts' is redundant
      except perhaps to import instances from `GHC.Exts'
    To import instances alone, use: import GHC.Exts()

libraries\ghci\GHCi\InfoTable.hsc:23:1: warning: [-Wunused-imports]
    The import of `System.IO.Unsafe' is redundant
      except perhaps to import instances from `System.IO.Unsafe'
    To import instances alone, use: import System.IO.Unsafe()
  HC [stage 0] utils/unlit/dist/build/unlit.o
  HC [stage 0] libraries/binary/dist-boot/build/Data/Binary/Get/Internal.o
  HC [stage 0] libraries/binary/dist-boot/build/Data/Binary/Put.o
  HC [stage 0] libraries/Cabal/Cabal/dist-boot/build/Distribution/Compat/Internal/TempFile.o
  HC [stage 0] libraries/parsec/dist-boot/build/Text/Parsec/Error.o
  AR libraries/ghc-boot-th/dist-boot/build/libHSghc-boot-th-8.3.a
  HC [stage 0] libraries/transformers/dist-boot/build/Control/Monad/Trans/Writer/Strict.o
C:\ghc-dev\msys64\mingw64\mingw\bin\ar.exe: creating libraries/ghc-boot-th/dist-boot/build/libHSghc-boot-th-8.3.a
  HC [stage 0] libraries/transformers/dist-boot/build/Control/Monad/Trans/Writer/Lazy.o
  HC [stage 0] libraries/transformers/dist-boot/build/Control/Monad/Trans/State/Strict.o
  HC [stage 0] libraries/transformers/dist-boot/build/Control/Monad/Trans/State/Lazy.o
  HC [stage 0] libraries/transformers/dist-boot/build/Control/Monad/Trans/RWS/Strict.o
  HC [stage 0] libraries/transformers/dist-boot/build/Control/Monad/Trans/RWS/Lazy.o
  HC [stage 0] libraries/transformers/dist-boot/build/Control/Monad/Trans/Reader.o
  HC [stage 0] libraries/transformers/dist-boot/build/Control/Monad/Trans/Except.o
  HC [stage 0] libraries/transformers/dist-boot/build/Control/Monad/Trans/List.o
  HC [stage 0] libraries/transformers/dist-boot/build/Control/Monad/Trans/Identity.o
  HC [stage 0] libraries/transformers/dist-boot/build/Control/Monad/Trans/Error.o

libraries\transformers\Control\Monad\Trans\Error.hs:95:1: warning: [-Worphans]
    Orphan instance: instance [safe] Error e => Alternative (Either e)
    To avoid this
        move the instance declaration to the module of the class or of the type, or
        wrap the type with a newtype and declare the instance on the new type.

libraries\transformers\Control\Monad\Trans\Error.hs:100:1: warning: [-Worphans]
    Orphan instance: instance [safe] Error e => MonadPlus (Either e)
    To avoid this
        move the instance declaration to the module of the class or of the type, or
        wrap the type with a newtype and declare the instance on the new type.
  HC [stage 0] libraries/transformers/dist-boot/build/Control/Monad/Trans/Cont.o
  HC [stage 0] libraries/text/dist-boot/build/Data/Text/Array.o
  HC [stage 0] libraries/mtl/dist-boot/build/Control/Monad/Trans.o
  HC [stage 0] libraries/parsec/dist-boot/build/Text/ParserCombinators/Parsec/Pos.o
  HC [stage 0] libraries/text/dist-boot/build/cbits/cbits.o
  HC [stage 0] libraries/transformers/dist-boot/build/Control/Applicative/Lift.o
  HC [stage 0] libraries/transformers/dist-boot/build/Data/Functor/Reverse.o
  HC [stage 0] compiler/stage1/build/Outputable.o-boot

on the commandline: warning: unrecognised warning flag: -Wcpp-undef
  HC [stage 0] compiler/stage1/build/Exception.o

on the commandline: warning: unrecognised warning flag: -Wcpp-undef
  HC [stage 0] compiler/stage1/build/OccName.o-boot
  HC [stage 0] compiler/stage1/build/Config.o

on the commandline: warning: unrecognised warning flag: -Wcpp-undef

on the commandline: warning: unrecognised warning flag: -Wcpp-undef
  HC [stage 0] compiler/stage1/build/FastFunctions.o

on the commandline: warning: unrecognised warning flag: -Wcpp-undef
  HC [stage 0] compiler/stage1/build/Encoding.o

on the commandline: warning: unrecognised warning flag: -Wcpp-undef
  HC [stage 0] compiler/stage1/build/Platform.o

on the commandline: warning: unrecognised warning flag: -Wcpp-undef
  HC [stage 0] compiler/stage1/build/FastMutInt.o
  HC [stage 0] compiler/stage1/build/FiniteMap.o

on the commandline: warning: unrecognised warning flag: -Wcpp-undef
  HC [stage 0] compiler/stage1/build/Name.o-boot

on the commandline: warning: unrecognised warning flag: -Wcpp-undef

on the commandline: warning: unrecognised warning flag: -Wcpp-undef
  HC [stage 0] compiler/stage1/build/Fingerprint.o

on the commandline: warning: unrecognised warning flag: -Wcpp-undef
  HC [stage 0] compiler/stage1/build/Hooks.o-boot
  HC [stage 0] compiler/stage1/build/EnumSet.o

on the commandline: warning: unrecognised warning flag: -Wcpp-undef

on the commandline: warning: unrecognised warning flag: -Wcpp-undef
  HC [stage 0] compiler/stage1/build/SysTools/Terminal.o
  HC [stage 0] compiler/stage1/build/PlatformConstants.o

on the commandline: warning: unrecognised warning flag: -Wcpp-undef

on the commandline: warning: unrecognised warning flag: -Wcpp-undef
  HC [stage 0] libraries/template-haskell/dist-boot/build/Language/Haskell/TH/LanguageExtensions.o
  HC [stage 0] compiler/stage1/build/TyCon.o-boot

on the commandline: warning: unrecognised warning flag: -Wcpp-undef
  HC [stage 0] compiler/stage1/build/PrimOp.o-boot
  HC [stage 0] compiler/stage1/build/Stream.o

on the commandline: warning: unrecognised warning flag: -Wcpp-undef

on the commandline: warning: unrecognised warning flag: -Wcpp-undef
  HC [stage 0] compiler/stage1/build/Hoopl/Collections.o

on the commandline: warning: unrecognised warning flag: -Wcpp-undef
  HC [stage 0] compiler/stage1/build/Hoopl/Block.o
  HC [stage 0] compiler/stage1/build/X86/Cond.o

on the commandline: warning: unrecognised warning flag: -Wcpp-undef

on the commandline: warning: unrecognised warning flag: -Wcpp-undef
  HC [stage 0] compiler/stage1/build/State.o
  HC [stage 0] compiler/stage1/build/SPARC/Cond.o

on the commandline: warning: unrecognised warning flag: -Wcpp-undef

on the commandline: warning: unrecognised warning flag: -Wcpp-undef
  HC [stage 0] libraries/hpc/dist-boot/build/Trace/Hpc/Tix.o
  HC [stage 0] compiler/stage1/build/ListT.o

on the commandline: warning: unrecognised warning flag: -Wcpp-undef
  HC [stage 0] compiler/stage1/build/TcPluginM.o

on the commandline: warning: unrecognised warning flag: -Wcpp-undef
  HC [stage 0] compiler/stage1/build/parser/cutils.o
  HC [stage 0] compiler/stage1/build/ghci/keepCAFsForGHCi.o

on the commandline: warning: unrecognised warning flag: -Wcpp-undef
  HC [stage 0] compiler/stage1/build/cbits/genSym.o

on the commandline: warning: unrecognised warning flag: -Wcpp-undef

on the commandline: warning: unrecognised warning flag: -Wcpp-undef
  HC [stage 0] utils/unlit/dist/build/tmp/unlit.exe
Warning: -rtsopts and -with-rtsopts have no effect with -no-hs-main.
    Call hs_init_ghc() from your main() function to set these options.
Creating compiler/stage2/build/Config.hs ... 
  HC [stage 0] libraries/binary/dist-boot/build/Data/Binary/Get.o
  HC [stage 0] libraries/transformers/dist-boot/build/Control/Monad/Trans/Maybe.o
  HC [stage 0] libraries/mtl/dist-boot/build/Control/Monad/Identity.o
  HC [stage 0] libraries/text/dist-boot/build/Data/Text/Internal/Unsafe/Char.o
  HC [stage 0] libraries/parsec/dist-boot/build/Text/ParserCombinators/Parsec/Error.o
  HC [stage 0] libraries/mtl/dist-boot/build/Control/Monad/List.o
  HC [stage 0] libraries/transformers/dist-boot/build/Control/Monad/Trans/State.o
  HC [stage 0] libraries/transformers/dist-boot/build/Control/Monad/Trans/Writer.o
  HC [stage 0] libraries/transformers/dist-boot/build/Control/Monad/Trans/RWS.o
  HC [stage 0] libraries/transformers/dist-boot/build/Control/Monad/Trans/Select.o
  HC [stage 0] compiler/stage1/build/Panic.o

on the commandline: warning: unrecognised warning flag: -Wcpp-undef
  HC [stage 0] compiler/stage1/build/DynFlags.o-boot

on the commandline: warning: unrecognised warning flag: -Wcpp-undef
  HC [stage 0] compiler/stage1/build/Constants.o
  HC [stage 0] libraries/template-haskell/dist-boot/build/Language/Haskell/TH/Syntax.o

on the commandline: warning: unrecognised warning flag: -Wcpp-undef
  HC [stage 0] compiler/stage1/build/Hoopl/Unique.o

on the commandline: warning: unrecognised warning flag: -Wcpp-undef
  HC [stage 0] libraries/hpc/dist-boot/build/Trace/Hpc/Mix.o
done.
  HC [stage 0] libraries/hpc/dist-boot/build/Trace/Hpc/Reflect.o
  HC [stage 0] libraries/binary/dist-boot/build/Data/Binary/Class.o
  HC [stage 0] libraries/mtl/dist-boot/build/Control/Monad/Error/Class.o

libraries\binary\src\Data\Binary\Class.hs:6:14: warning: [-Wtrustworthy-safe]
    `Data.Binary.Class' is marked as Trustworthy but has been inferred as safe!
  HC [stage 0] libraries/mtl/dist-boot/build/Control/Monad/Cont/Class.o
  HC [stage 0] libraries/mtl/dist-boot/build/Control/Monad/State/Class.o
  HC [stage 0] libraries/mtl/dist-boot/build/Control/Monad/Reader/Class.o
  HC [stage 0] libraries/text/dist-boot/build/Data/Text/Internal.o
  HC [stage 0] libraries/text/dist-boot/build/Data/Text/Internal/Encoding/Utf8.o
  HC [stage 0] libraries/mtl/dist-boot/build/Control/Monad/Writer/Class.o
  HC [stage 0] libraries/transformers/dist-boot/build/Control/Monad/Trans/Accum.o
  HC [stage 0] compiler/stage1/build/Util.o
  HC [stage 0] libraries/template-haskell/dist-boot/build/Language/Haskell/TH/PprLib.o

on the commandline: warning: unrecognised warning flag: -Wcpp-undef
  HC [stage 0] libraries/template-haskell/dist-boot/build/Language/Haskell/TH/Lib/Internal.o

libraries\template-haskell\Language\Haskell\TH\PprLib.hs:44:1: warning: [-Wdodgy-imports]
    Module `Prelude' does not export `(<>)'
  HC [stage 0] compiler/stage1/build/Ctype.o

on the commandline: warning: unrecognised warning flag: -Wcpp-undef
  HC [stage 0] compiler/stage1/build/PPC/Cond.o
  HC [stage 0] compiler/stage1/build/Ar.o

on the commandline: warning: unrecognised warning flag: -Wcpp-undef

on the commandline: warning: unrecognised warning flag: -Wcpp-undef
  HC [stage 0] libraries/template-haskell/dist-boot/build/Language/Haskell/TH/Quote.o
  AR libraries/hpc/dist-boot/build/libHShpc-0.6.0.3.a
C:\ghc-dev\msys64\mingw64\mingw\bin\ar.exe: creating libraries/hpc/dist-boot/build/libHShpc-0.6.0.3.a
  HC [stage 0] libraries/binary/dist-boot/build/Data/Binary/Generic.o
  HC [stage 0] libraries/text/dist-boot/build/Data/Text/Internal/Search.o
  HC [stage 0] libraries/text/dist-boot/build/Data/Text/Unsafe.o
  HC [stage 0] libraries/mtl/dist-boot/build/Control/Monad/Cont.o
  HC [stage 0] libraries/text/dist-boot/build/Data/Text/Internal/Fusion/Size.o
  HC [stage 0] libraries/mtl/dist-boot/build/Control/Monad/Error.o
  HC [stage 0] libraries/mtl/dist-boot/build/Control/Monad/Except.o
  HC [stage 0] libraries/mtl/dist-boot/build/Control/Monad/RWS/Class.o
  HC [stage 0] libraries/mtl/dist-boot/build/Control/Monad/Reader.o
  HC [stage 0] libraries/mtl/dist-boot/build/Control/Monad/State/Lazy.o
  HC [stage 0] libraries/mtl/dist-boot/build/Control/Monad/State/Strict.o
  HC [stage 0] libraries/mtl/dist-boot/build/Control/Monad/Writer/Lazy.o
  HC [stage 0] libraries/mtl/dist-boot/build/Control/Monad/Writer/Strict.o
  HC [stage 0] compiler/stage1/build/FastString.o
  HC [stage 0] compiler/stage1/build/PprColour.o
  AR libraries/transformers/dist-boot/build/libHStransformers-0.5.4.0.a

on the commandline: warning: unrecognised warning flag: -Wcpp-undef
C:\ghc-dev\msys64\mingw64\mingw\bin\ar.exe: creating libraries/transformers/dist-boot/build/libHStransformers-0.5.4.0.a

on the commandline: warning: unrecognised warning flag: -Wcpp-undef
  HC [stage 0] compiler/stage1/build/Maybes.o

on the commandline: warning: unrecognised warning flag: -Wcpp-undef
  HC [stage 0] libraries/template-haskell/dist-boot/build/Language/Haskell/TH/Ppr.o
  HC [stage 0] libraries/template-haskell/dist-boot/build/Language/Haskell/TH/Lib.o

libraries\template-haskell\Language\Haskell\TH\Ppr.hs:17:1: warning: [-Wdodgy-imports]
    Module `Prelude' does not export `(<>)'
  HC [stage 0] libraries/text/dist-boot/build/Data/Text/Internal/Fusion/Types.o
  HC [stage 0] libraries/binary/dist-boot/build/Data/Binary.o
  HC [stage 0] libraries/text/dist-boot/build/Data/Text/Internal/Private.o
  HC [stage 0] libraries/mtl/dist-boot/build/Control/Monad/RWS/Lazy.o
  HC [stage 0] libraries/mtl/dist-boot/build/Control/Monad/RWS/Strict.o
  HC [stage 0] libraries/mtl/dist-boot/build/Control/Monad/State.o
  HC [stage 0] libraries/mtl/dist-boot/build/Control/Monad/Writer.o
  HC [stage 0] compiler/stage1/build/Module.o-boot

on the commandline: warning: unrecognised warning flag: -Wcpp-undef
  AR libraries/binary/dist-boot/build/libHSbinary-0.8.5.1.a
  HC [stage 0] compiler/stage1/build/BufWrite.o
C:\ghc-dev\msys64\mingw64\mingw\bin\ar.exe: creating libraries/binary/dist-boot/build/libHSbinary-0.8.5.1.a

on the commandline: warning: unrecognised warning flag: -Wcpp-undef
  HC [stage 0] compiler/stage1/build/Lexeme.o
  HC [stage 0] compiler/stage1/build/MonadUtils.o

on the commandline: warning: unrecognised warning flag: -Wcpp-undef

on the commandline: warning: unrecognised warning flag: -Wcpp-undef
  HC [stage 0] libraries/Cabal/Cabal/dist-boot/build/Distribution/Compat/Binary.o
  HC [stage 0] libraries/template-haskell/dist-boot/build/Language/Haskell/TH.o
  HC [stage 0] libraries/ghc-boot/dist-boot/build/GHC/PackageDb.o
  HC [stage 0] libraries/ghc-boot/dist-boot/build/GHC/LanguageExtensions.o
  HC [stage 0] libraries/ghc-boot/dist-boot/build/GHC/ForeignSrcLang.o
  HC [stage 0] libraries/text/dist-boot/build/Data/Text/Internal/Fusion/CaseMapping.o
  HC [stage 0] libraries/mtl/dist-boot/build/Control/Monad/RWS.o
  HC [stage 0] compiler/stage1/build/Pretty.o

on the commandline: warning: unrecognised warning flag: -Wcpp-undef
  HC [stage 0] compiler/stage1/build/Packages.o-boot
  HC [stage 0] libraries/ghci/dist-boot/build/GHCi/RemoteTypes.o

on the commandline: warning: unrecognised warning flag: -Wcpp-undef
  HC [stage 0] libraries/ghci/dist-boot/build/GHCi/TH/Binary.o
  HC [stage 0] libraries/ghci/dist-boot/build/GHCi/FFI.o
  HC [stage 0] libraries/ghci/dist-boot/build/SizedSeq.o
  HC [stage 0] libraries/ghci/dist-boot/build/GHCi/BinaryArray.o
  HC [stage 0] libraries/Cabal/Cabal/dist-boot/build/Distribution/Compat/Semigroup.o
  AR libraries/template-haskell/dist-boot/build/libHStemplate-haskell-2.13.0.0.a
C:\ghc-dev\msys64\mingw64\mingw\bin\ar.exe: creating libraries/template-haskell/dist-boot/build/libHStemplate-haskell-2.13.0.0.a
  AR libraries/ghc-boot/dist-boot/build/libHSghc-boot-8.3.a
  HC [stage 0] libraries/text/dist-boot/build/Data/Text/Internal/Fusion/Common.o
C:\ghc-dev\msys64\mingw64\mingw\bin\ar.exe: creating libraries/ghc-boot/dist-boot/build/libHSghc-boot-8.3.a
  HC [stage 0] compiler/stage1/build/Outputable.o
  AR libraries/mtl/dist-boot/build/libHSmtl-2.2.2.a

on the commandline: warning: unrecognised warning flag: -Wcpp-undef
C:\ghc-dev\msys64\mingw64\mingw\bin\ar.exe: creating libraries/mtl/dist-boot/build/libHSmtl-2.2.2.a
  HC [stage 0] libraries/ghci/dist-boot/build/GHCi/Message.o
  HC [stage 0] libraries/ghci/dist-boot/build/GHCi/ResolvedBCO.o
  HC [stage 0] libraries/ghci/dist-boot/build/GHCi/StaticPtrTable.o
  HC [stage 0] libraries/text/dist-boot/build/Data/Text/Internal/Fusion.o
  HC [stage 0] libraries/Cabal/Cabal/dist-boot/build/Distribution/Compat/Prelude.o
  HC [stage 0] compiler/stage1/build/Json.o

on the commandline: warning: unrecognised warning flag: -Wcpp-undef
  HC [stage 0] compiler/stage1/build/TyCoRep.o-boot
  HC [stage 0] compiler/stage1/build/Bag.o

on the commandline: warning: unrecognised warning flag: -Wcpp-undef

on the commandline: warning: unrecognised warning flag: -Wcpp-undef
  HC [stage 0] compiler/stage1/build/IdInfo.o-boot
  HC [stage 0] compiler/stage1/build/TcType.o-boot

on the commandline: warning: unrecognised warning flag: -Wcpp-undef

on the commandline: warning: unrecognised warning flag: -Wcpp-undef
  HC [stage 0] compiler/stage1/build/ListSetOps.o
  HC [stage 0] compiler/stage1/build/StringBuffer.o

on the commandline: warning: unrecognised warning flag: -Wcpp-undef

on the commandline: warning: unrecognised warning flag: -Wcpp-undef
  HC [stage 0] compiler/stage1/build/Pair.o

on the commandline: warning: unrecognised warning flag: -Wcpp-undef
  HC [stage 0] compiler/stage1/build/OrdList.o

on the commandline: warning: unrecognised warning flag: -Wcpp-undef
  HC [stage 0] compiler/stage1/build/AsmUtils.o

on the commandline: warning: unrecognised warning flag: -Wcpp-undef
  AR libraries/ghci/dist-boot/build/libHSghci-8.3.a
  HC [stage 0] libraries/Cabal/Cabal/dist-boot/build/Distribution/Compat/ReadP.o
C:\ghc-dev\msys64\mingw64\mingw\bin\ar.exe: creating libraries/ghci/dist-boot/build/libHSghci-8.3.a
  HC [stage 0] libraries/Cabal/Cabal/dist-boot/build/Distribution/Utils/Generic.o
  HC [stage 0] libraries/Cabal/Cabal/dist-boot/build/Distribution/Utils/ShortText.o
  HC [stage 0] libraries/Cabal/Cabal/dist-boot/build/Distribution/Compat/CopyFile.o
  HC [stage 0] libraries/Cabal/Cabal/dist-boot/build/Distribution/Compat/Graph.o
  HC [stage 0] libraries/Cabal/Cabal/dist-boot/build/Distribution/Utils/Progress.o
  HC [stage 0] libraries/Cabal/Cabal/dist-boot/build/Distribution/Types/Condition.o
  HC [stage 0] libraries/Cabal/Cabal/dist-boot/build/Distribution/Compat/Environment.o
  HC [stage 0] libraries/Cabal/Cabal/dist-boot/build/Distribution/Simple/Program/Internal.o
  HC [stage 0] libraries/Cabal/Cabal/dist-boot/build/Distribution/GetOpt.o
  HC [stage 0] libraries/Cabal/Cabal/dist-boot/build/Distribution/Utils/MapAccum.o
  HC [stage 0] libraries/Cabal/Cabal/dist-boot/build/Distribution/Compat/CreatePipe.o
  HC [stage 0] libraries/Cabal/Cabal/dist-boot/build/Distribution/Compat/Prelude/Internal.o
  HC [stage 0] libraries/Cabal/Cabal/dist-boot/build/Distribution/Compat/DList.o
  HC [stage 0] libraries/Cabal/Cabal/dist-boot/build/Distribution/Simple/CCompiler.o
  HC [stage 0] libraries/text/dist-boot/build/Data/Text/Internal/Encoding/Fusion/Common.o
  HC [stage 0] libraries/text/dist-boot/build/Data/Text/Show.o
  HC [stage 0] libraries/Cabal/Cabal/dist-boot/build/Distribution/Parsec/Types/Field.o
  HC [stage 0] libraries/Cabal/Cabal/dist-boot/build/Distribution/Compat/SnocList.o
  HC [stage 0] libraries/Cabal/Cabal/dist-boot/build/Distribution/Compat/GetShortPathName.o
  HC [stage 0] libraries/Cabal/Cabal/dist-boot/build/Distribution/Lex.o
  HC [stage 0] libraries/Cabal/Cabal/dist-boot/build/Distribution/TestSuite.o
  HC [stage 0] libraries/Cabal/Cabal/dist-boot/build/Distribution/Simple/PreProcess/Unlit.o
  HC [stage 0] compiler/stage1/build/SrcLoc.o
  HC [stage 0] libraries/Cabal/Cabal/dist-boot/build/Distribution/Text.o

on the commandline: warning: unrecognised warning flag: -Wcpp-undef
  HC [stage 0] libraries/Cabal/Cabal/dist-boot/build/Distribution/ReadE.o
  HC [stage 0] libraries/Cabal/Cabal/dist-boot/build/Distribution/Types/CondTree.o
  HC [stage 0] libraries/text/dist-boot/build/Data/Text/Internal/Encoding/Fusion.o
  HC [stage 0] libraries/text/dist-boot/build/Data/Text/Internal/Lazy/Encoding/Fusion.o
  HC [stage 0] compiler/stage1/build/BasicTypes.o

on the commandline: warning: unrecognised warning flag: -Wcpp-undef
  HC [stage 0] compiler/stage1/build/ErrUtils.o-boot

on the commandline: warning: unrecognised warning flag: -Wcpp-undef
  HC [stage 0] compiler/stage1/build/CmdLineParser.o
  HC [stage 0] compiler/stage1/build/HsDoc.o

on the commandline: warning: unrecognised warning flag: -Wcpp-undef

on the commandline: warning: unrecognised warning flag: -Wcpp-undef
  HC [stage 0] libraries/Cabal/Cabal/dist-boot/build/Language/Haskell/Extension.o
  HC [stage 0] libraries/Cabal/Cabal/dist-boot/build/Distribution/Version.o
  HC [stage 0] libraries/Cabal/Cabal/dist-boot/build/Distribution/ModuleName.o
  HC [stage 0] libraries/Cabal/Cabal/dist-boot/build/Distribution/Verbosity.o
  HC [stage 0] libraries/Cabal/Cabal/dist-boot/build/Distribution/System.o
  HC [stage 0] libraries/Cabal/Cabal/dist-boot/build/Distribution/Types/ComponentId.o
  HC [stage 0] libraries/Cabal/Cabal/dist-boot/build/Distribution/Types/PkgconfigName.o
  HC [stage 0] libraries/Cabal/Cabal/dist-boot/build/Distribution/Types/AbiHash.o
  HC [stage 0] libraries/Cabal/Cabal/dist-boot/build/Distribution/Types/ExecutableScope.o
  HC [stage 0] libraries/Cabal/Cabal/dist-boot/build/Distribution/Types/ForeignLibOption.o
  HC [stage 0] libraries/Cabal/Cabal/dist-boot/build/Distribution/Types/ForeignLibType.o
  HC [stage 0] libraries/Cabal/Cabal/dist-boot/build/Distribution/Types/SourceRepo.o
  HC [stage 0] libraries/Cabal/Cabal/dist-boot/build/Distribution/Types/BuildType.o
  HC [stage 0] libraries/text/dist-boot/build/Data/Text/Encoding.o
  HC [stage 0] compiler/stage1/build/Unique.o
  HC [stage 0] libraries/Cabal/Cabal/dist-boot/build/Distribution/Compiler.o

on the commandline: warning: unrecognised warning flag: -Wcpp-undef
  HC [stage 0] libraries/Cabal/Cabal/dist-boot/build/Distribution/License.o
  HC [stage 0] libraries/Cabal/Cabal/dist-boot/build/Distribution/Types/PkgconfigDependency.o
  HC [stage 0] libraries/Cabal/Cabal/dist-boot/build/Distribution/Types/ModuleRenaming.o
  HC [stage 0] libraries/Cabal/Cabal/dist-boot/build/Distribution/Types/TestType.o
  HC [stage 0] libraries/Cabal/Cabal/dist-boot/build/Distribution/Types/BenchmarkType.o
  HC [stage 0] libraries/text/dist-boot/build/Data/Text.o
  HC [stage 0] libraries/text/dist-boot/build/Data/Text/Foreign.o
  HC [stage 0] compiler/stage1/build/UniqFM.o

on the commandline: warning: unrecognised warning flag: -Wcpp-undef
  HC [stage 0] compiler/stage1/build/UniqSupply.o

on the commandline: warning: unrecognised warning flag: -Wcpp-undef
  HC [stage 0] compiler/stage1/build/Hoopl/Label.o

on the commandline: warning: unrecognised warning flag: -Wcpp-undef
  HC [stage 0] compiler/stage1/build/RegClass.o

on the commandline: warning: unrecognised warning flag: -Wcpp-undef
  HC [stage 0] libraries/Cabal/Cabal/dist-boot/build/Distribution/PrettyUtils.o
  HC [stage 0] libraries/Cabal/Cabal/dist-boot/build/Distribution/Types/IncludeRenaming.o
  HC [stage 0] libraries/Cabal/Cabal/dist-boot/build/Distribution/Types/BenchmarkInterface.o
  HC [stage 0] libraries/Cabal/Cabal/dist-boot/build/Distribution/Types/TestSuiteInterface.o
  HC [stage 0] libraries/text/dist-boot/build/Data/Text/Internal/Lazy.o
  HC [stage 0] libraries/text/dist-boot/build/Data/Text/Internal/IO.o
  HC [stage 0] libraries/text/dist-boot/build/Data/Text/Read.o
  HC [stage 0] compiler/stage1/build/Binary.o

on the commandline: warning: unrecognised warning flag: -Wcpp-undef
  HC [stage 0] compiler/stage1/build/UniqSet.o

on the commandline: warning: unrecognised warning flag: -Wcpp-undef
  HC [stage 0] compiler/stage1/build/UniqDFM.o

on the commandline: warning: unrecognised warning flag: -Wcpp-undef
  HC [stage 0] compiler/stage1/build/Digraph.o
  HC [stage 0] compiler/stage1/build/Hoopl/Graph.o

on the commandline: warning: unrecognised warning flag: -Wcpp-undef

on the commandline: warning: unrecognised warning flag: -Wcpp-undef
  HC [stage 0] compiler/stage1/build/Reg.o

on the commandline: warning: unrecognised warning flag: -Wcpp-undef
  HC [stage 0] compiler/stage1/build/UniqMap.o

on the commandline: warning: unrecognised warning flag: -Wcpp-undef
  HC [stage 0] libraries/text/dist-boot/build/Data/Text/Internal/Lazy/Search.o
  HC [stage 0] libraries/Cabal/Cabal/dist-boot/build/Distribution/ParseUtils.o
  HC [stage 0] libraries/text/dist-boot/build/Data/Text/IO.o
  HC [stage 0] libraries/text/dist-boot/build/Data/Text/Internal/Lazy/Fusion.o
  HC [stage 0] libraries/text/dist-boot/build/Data/Text/Lazy/Internal.o
  HC [stage 0] compiler/stage1/build/UniqDSet.o
  HC [stage 0] compiler/stage1/build/DriverPhases.o

on the commandline: warning: unrecognised warning flag: -Wcpp-undef

on the commandline: warning: unrecognised warning flag: -Wcpp-undef
  HC [stage 0] compiler/stage1/build/FastStringEnv.o

on the commandline: warning: unrecognised warning flag: -Wcpp-undef
  HC [stage 0] compiler/stage1/build/BooleanFormula.o

on the commandline: warning: unrecognised warning flag: -Wcpp-undef
  HC [stage 0] compiler/stage1/build/GraphBase.o

on the commandline: warning: unrecognised warning flag: -Wcpp-undef
  HC [stage 0] compiler/stage1/build/RegAlloc/Graph/ArchBase.o

on the commandline: warning: unrecognised warning flag: -Wcpp-undef
  HC [stage 0] libraries/Cabal/Cabal/dist-boot/build/Distribution/Types/PackageName.o
  HC [stage 0] libraries/Cabal/Cabal/dist-boot/build/Distribution/Types/LegacyExeDependency.o
  HC [stage 0] libraries/text/dist-boot/build/Data/Text/Lazy/Encoding.o
  HC [stage 0] compiler/stage1/build/Module.o
  HC [stage 0] compiler/stage1/build/RegAlloc/Graph/TrivColorable.o

on the commandline: warning: unrecognised warning flag: -Wcpp-undef

on the commandline: warning: unrecognised warning flag: -Wcpp-undef
  HC [stage 0] compiler/stage1/build/GraphPpr.o
  HC [stage 0] compiler/stage1/build/GraphOps.o

on the commandline: warning: unrecognised warning flag: -Wcpp-undef

on the commandline: warning: unrecognised warning flag: -Wcpp-undef
  HC [stage 0] compiler/stage1/build/RegAlloc/Graph/ArchX86.o

on the commandline: warning: unrecognised warning flag: -Wcpp-undef
  HC [stage 0] libraries/Cabal/Cabal/dist-boot/build/Distribution/Types/PackageId.o
  HC [stage 0] libraries/Cabal/Cabal/dist-boot/build/Distribution/Types/UnqualComponentName.o
  HC [stage 0] libraries/Cabal/Cabal/dist-boot/build/Distribution/Types/Mixin.o
  HC [stage 0] libraries/Cabal/Cabal/dist-boot/build/Distribution/Types/ModuleReexport.o
  HC [stage 0] libraries/text/dist-boot/build/Data/Text/Lazy.o
  HC [stage 0] compiler/stage1/build/PrelNames.o-boot
  HC [stage 0] compiler/stage1/build/PackageConfig.o

on the commandline: warning: unrecognised warning flag: -Wcpp-undef

on the commandline: warning: unrecognised warning flag: -Wcpp-undef
  HC [stage 0] compiler/stage1/build/ForeignCall.o

on the commandline: warning: unrecognised warning flag: -Wcpp-undef
  HC [stage 0] compiler/stage1/build/DynamicLoading.o

on the commandline: warning: unrecognised warning flag: -Wcpp-undef
  HC [stage 0] compiler/stage1/build/GraphColor.o
  HC [stage 0] libraries/Cabal/Cabal/dist-boot/build/Distribution/Simple/Utils.o

on the commandline: warning: unrecognised warning flag: -Wcpp-undef
  HC [stage 0] libraries/Cabal/Cabal/dist-boot/build/Distribution/Types/MungedPackageName.o
  HC [stage 0] libraries/Cabal/Cabal/dist-boot/build/Distribution/Types/UnitId.o
  HC [stage 0] libraries/Cabal/Cabal/dist-boot/build/Distribution/Types/Dependency.o
  HC [stage 0] libraries/Cabal/Cabal/dist-boot/build/Distribution/Types/ComponentName.o
  HC [stage 0] libraries/parsec/dist-boot/build/Text/Parsec/Prim.o
  HC [stage 0] libraries/Cabal/Cabal/dist-boot/build/Distribution/Simple/GHC/IPIConvert.o
  HC [stage 0] libraries/text/dist-boot/build/Data/Text/Internal/Builder.o
  HC [stage 0] libraries/text/dist-boot/build/Data/Text/Lazy/IO.o
  HC [stage 0] libraries/text/dist-boot/build/Data/Text/Lazy/Read.o
  HC [stage 0] compiler/stage1/build/DynFlags.o

on the commandline: warning: unrecognised warning flag: -Wcpp-undef

compiler\main\DynFlags.hs:234:1: warning: [-Wunused-imports]
    The import of `Foreign' is redundant
      except perhaps to import instances from `Foreign'
    To import instances alone, use: import Foreign()
  HC [stage 0] libraries/Cabal/Cabal/dist-boot/build/Distribution/Types/MungedPackageId.o
  HC [stage 0] libraries/Cabal/Cabal/dist-boot/build/Distribution/Types/Module.o
  HC [stage 0] libraries/Cabal/Cabal/dist-boot/build/Distribution/Utils/LogProgress.o
  HC [stage 0] libraries/Cabal/Cabal/dist-boot/build/Distribution/Types/ExeDependency.o
  HC [stage 0] libraries/Cabal/Cabal/dist-boot/build/Distribution/Simple/Compiler.o
  HC [stage 0] libraries/Cabal/Cabal/dist-boot/build/Distribution/Types/SetupBuildInfo.o
  HC [stage 0] libraries/Cabal/Cabal/dist-boot/build/Distribution/Utils/NubList.o
  HC [stage 0] libraries/Cabal/Cabal/dist-boot/build/Distribution/Simple/Program/Find.o
  HC [stage 0] libraries/Cabal/Cabal/dist-boot/build/Distribution/Simple/Command.o
  HC [stage 0] libraries/Cabal/Cabal/dist-boot/build/Distribution/Backpack/DescribeUnitId.o
  HC [stage 0] libraries/Cabal/Cabal/dist-boot/build/Distribution/Compat/Time.o
  HC [stage 0] libraries/Cabal/Cabal/dist-boot/build/Distribution/Types/DependencyMap.o
  HC [stage 0] libraries/parsec/dist-boot/build/Text/Parsec/Combinator.o
  HC [stage 0] libraries/parsec/dist-boot/build/Text/Parsec/Char.o
  HC [stage 0] libraries/parsec/dist-boot/build/Text/Parsec/String.o
  HC [stage 0] libraries/parsec/dist-boot/build/Text/Parsec/ByteString.o
  HC [stage 0] libraries/parsec/dist-boot/build/Text/Parsec/ByteString/Lazy.o
  HC [stage 0] libraries/parsec/dist-boot/build/Text/Parsec/Text.o
  HC [stage 0] libraries/parsec/dist-boot/build/Text/Parsec/Text/Lazy.o
  HC [stage 0] libraries/parsec/dist-boot/build/Text/ParserCombinators/Parsec/Prim.o
  HC [stage 0] libraries/text/dist-boot/build/Data/Text/Lazy/Builder.o
  HC [stage 0] compiler/stage1/build/OccName.o

on the commandline: warning: unrecognised warning flag: -Wcpp-undef
  HC [stage 0] compiler/stage1/build/ErrUtils.o

on the commandline: warning: unrecognised warning flag: -Wcpp-undef
  HC [stage 0] compiler/stage1/build/IOEnv.o

on the commandline: warning: unrecognised warning flag: -Wcpp-undef
  HC [stage 0] compiler/stage1/build/CmmType.o

on the commandline: warning: unrecognised warning flag: -Wcpp-undef
  HC [stage 0] compiler/stage1/build/SMRep.o
  HC [stage 0] compiler/stage1/build/CmmSwitch.o

on the commandline: warning: unrecognised warning flag: -Wcpp-undef

on the commandline: warning: unrecognised warning flag: -Wcpp-undef
  HC [stage 0] compiler/stage1/build/SPARC/Base.o
  HC [stage 0] compiler/stage1/build/RegAlloc/Linear/StackMap.o
  HC [stage 0] libraries/Cabal/Cabal/dist-boot/build/Distribution/Backpack.o

on the commandline: warning: unrecognised warning flag: -Wcpp-undef

on the commandline: warning: unrecognised warning flag: -Wcpp-undef
  HC [stage 0] libraries/Cabal/Cabal/dist-boot/build/Distribution/Package.o
  HC [stage 0] libraries/Cabal/Cabal/dist-boot/build/Distribution/Types/BuildInfo.o
  HC [stage 0] libraries/Cabal/Cabal/dist-boot/build/Distribution/Simple/Program/Types.o
  HC [stage 0] libraries/parsec/dist-boot/build/Text/Parsec.o
  HC [stage 0] libraries/parsec/dist-boot/build/Text/Parsec/Token.o
  HC [stage 0] libraries/Cabal/Cabal/dist-boot/build/Distribution/Simple/GHC/ImplInfo.o
  HC [stage 0] libraries/parsec/dist-boot/build/Text/Parsec/Expr.o
  HC [stage 0] libraries/parsec/dist-boot/build/Text/ParserCombinators/Parsec/Char.o
  HC [stage 0] libraries/parsec/dist-boot/build/Text/ParserCombinators/Parsec/Combinator.o
  HC [stage 0] libraries/text/dist-boot/build/Data/Text/Internal/Builder/Functions.o
  HC [stage 0] compiler/stage1/build/Name.o

on the commandline: warning: unrecognised warning flag: -Wcpp-undef
  HC [stage 0] compiler/stage1/build/FileCleanup.o
  HC [stage 0] compiler/stage1/build/CmmMachOp.o

on the commandline: warning: unrecognised warning flag: -Wcpp-undef

on the commandline: warning: unrecognised warning flag: -Wcpp-undef
  HC [stage 0] compiler/stage1/build/Elf.o

on the commandline: warning: unrecognised warning flag: -Wcpp-undef
  HC [stage 0] compiler/stage1/build/LlvmMangler.o
  HC [stage 0] compiler/stage1/build/Bitmap.o

on the commandline: warning: unrecognised warning flag: -Wcpp-undef

on the commandline: warning: unrecognised warning flag: -Wcpp-undef
  HC [stage 0] libraries/Cabal/Cabal/dist-boot/build/Distribution/InstalledPackageInfo.o
  HC [stage 0] libraries/Cabal/Cabal/dist-boot/build/Distribution/Types/AnnotatedId.o
  HC [stage 0] libraries/Cabal/Cabal/dist-boot/build/Distribution/Types/Benchmark.o
  HC [stage 0] libraries/Cabal/Cabal/dist-boot/build/Distribution/Types/TestSuite.o
  HC [stage 0] libraries/Cabal/Cabal/dist-boot/build/Distribution/Types/Executable.o
  HC [stage 0] libraries/Cabal/Cabal/dist-boot/build/Distribution/Types/ForeignLib.o
  HC [stage 0] libraries/Cabal/Cabal/dist-boot/build/Distribution/Types/Library.o
  HC [stage 0] libraries/Cabal/Cabal/dist-boot/build/Distribution/Types/HookedBuildInfo.o
  HC [stage 0] libraries/Cabal/Cabal/dist-boot/build/Distribution/Simple/InstallDirs.o
  HC [stage 0] libraries/Cabal/Cabal/dist-boot/build/Distribution/Simple/Program/Run.o
  HC [stage 0] libraries/Cabal/Cabal/dist-boot/build/Distribution/Backpack/ModSubst.o
  HC [stage 0] libraries/Cabal/Cabal/dist-boot/build/Distribution/Backpack/FullUnitId.o
  HC [stage 0] libraries/Cabal/Cabal/dist-boot/build/Distribution/Parsec/Types/Common.o
  HC [stage 0] libraries/parsec/dist-boot/build/Text/Parsec/Language.o
  HC [stage 0] libraries/Cabal/Cabal/dist-boot/build/Distribution/Compat/Parsec.o
  HC [stage 0] libraries/parsec/dist-boot/build/Text/ParserCombinators/Parsec.o
  HC [stage 0] libraries/parsec/dist-boot/build/Text/Parsec/Perm.o
  HC [stage 0] libraries/parsec/dist-boot/build/Text/ParserCombinators/Parsec/Token.o
  HC [stage 0] libraries/text/dist-boot/build/Data/Text/Lazy/Builder/Int.o
  HC [stage 0] compiler/stage1/build/BinFingerprint.o
  HC [stage 0] compiler/stage1/build/Var.o

on the commandline: warning: unrecognised warning flag: -Wcpp-undef

on the commandline: warning: unrecognised warning flag: -Wcpp-undef
  HC [stage 0] compiler/stage1/build/NameEnv.o
  HC [stage 0] compiler/stage1/build/FieldLabel.o

on the commandline: warning: unrecognised warning flag: -Wcpp-undef

on the commandline: warning: unrecognised warning flag: -Wcpp-undef
  HC [stage 0] compiler/stage1/build/NameSet.o

on the commandline: warning: unrecognised warning flag: -Wcpp-undef
  HC [stage 0] compiler/stage1/build/KnownUniques.o-boot

on the commandline: warning: unrecognised warning flag: -Wcpp-undef
  HC [stage 0] compiler/stage1/build/Packages.o
  HC [stage 0] compiler/stage1/build/Annotations.o
  HC [stage 0] compiler/stage1/build/CPrim.o

on the commandline: warning: unrecognised warning flag: -Wcpp-undef

on the commandline: warning: unrecognised warning flag: -Wcpp-undef

on the commandline: warning: unrecognised warning flag: -Wcpp-undef
  HC [stage 0] libraries/Cabal/Cabal/dist-boot/build/Distribution/Simple/PackageIndex.o
  HC [stage 0] compiler/stage1/build/SysTools/Process.o

on the commandline: warning: unrecognised warning flag: -Wcpp-undef
  HC [stage 0] libraries/Cabal/Cabal/dist-boot/build/Distribution/Types/ComponentInclude.o
  HC [stage 0] libraries/Cabal/Cabal/dist-boot/build/Distribution/Types/Component.o
  HC [stage 0] libraries/Cabal/Cabal/dist-boot/build/Distribution/Simple/Program/Builtin.o
  HC [stage 0] libraries/Cabal/Cabal/dist-boot/build/Distribution/Backpack/ModuleShape.o
  HC [stage 0] libraries/Cabal/Cabal/dist-boot/build/Distribution/Backpack/ModuleScope.o
  HC [stage 0] libraries/Cabal/Cabal/dist-boot/build/Distribution/Parsec/Types/ParseResult.o
  HC [stage 0] libraries/Cabal/Cabal/dist-boot/build/Distribution/Parsec/LexerMonad.o
  HC [stage 0] libraries/Cabal/Cabal/dist-boot/build/Distribution/Simple/Program/HcPkg.o
  HC [stage 0] libraries/Cabal/Cabal/dist-boot/build/Distribution/Simple/Program/Ld.o
  HC [stage 0] libraries/Cabal/Cabal/dist-boot/build/Distribution/Simple/Program/Script.o
  HC [stage 0] libraries/Cabal/Cabal/dist-boot/build/Distribution/Simple/Program/Hpc.o
  HC [stage 0] libraries/Cabal/Cabal/dist-boot/build/Distribution/Simple/GHC/IPI642.o
  HC [stage 0] libraries/parsec/dist-boot/build/Text/ParserCombinators/Parsec/Expr.o
  HC [stage 0] libraries/parsec/dist-boot/build/Text/ParserCombinators/Parsec/Language.o
  HC [stage 0] libraries/text/dist-boot/build/Data/Text/Lazy/Builder/RealFloat.o
  HC [stage 0] libraries/parsec/dist-boot/build/Text/ParserCombinators/Parsec/Perm.o
  HC [stage 0] compiler/stage1/build/VarSet.o

on the commandline: warning: unrecognised warning flag: -Wcpp-undef
  HC [stage 0] compiler/stage1/build/Avail.o
  HC [stage 0] compiler/stage1/build/PatSyn.o-boot

on the commandline: warning: unrecognised warning flag: -Wcpp-undef

on the commandline: warning: unrecognised warning flag: -Wcpp-undef
  HC [stage 0] compiler/stage1/build/DataCon.o-boot

on the commandline: warning: unrecognised warning flag: -Wcpp-undef
  HC [stage 0] compiler/stage1/build/Class.o
  HC [stage 0] compiler/stage1/build/TysWiredIn.o-boot

on the commandline: warning: unrecognised warning flag: -Wcpp-undef

on the commandline: warning: unrecognised warning flag: -Wcpp-undef
  HC [stage 0] compiler/stage1/build/CoAxiom.o

on the commandline: warning: unrecognised warning flag: -Wcpp-undef
  HC [stage 0] compiler/stage1/build/IfaceType.o-boot

on the commandline: warning: unrecognised warning flag: -Wcpp-undef
  HC [stage 0] compiler/stage1/build/CostCentre.o

on the commandline: warning: unrecognised warning flag: -Wcpp-undef
  HC [stage 0] compiler/stage1/build/SysTools/Info.o

on the commandline: warning: unrecognised warning flag: -Wcpp-undef
  HC [stage 0] utils/ghc-pkg/dist/build/Main.o
  HC [stage 0] libraries/Cabal/Cabal/dist-boot/build/Distribution/Types/ComponentRequestedSpec.o
  HC [stage 0] libraries/Cabal/Cabal/dist-boot/build/Distribution/Simple/Program/Db.o
  HC [stage 0] libraries/Cabal/Cabal/dist-boot/build/Distribution/Backpack/PreExistingComponent.o
  HC [stage 0] libraries/Cabal/Cabal/dist-boot/build/Distribution/Parsec/Lexer.o
  AR libraries/parsec/dist-boot/build/libHSparsec-3.1.12.a
C:\ghc-dev\msys64\mingw64\mingw\bin\ar.exe: creating libraries/parsec/dist-boot/build/libHSparsec-3.1.12.a
  HC [stage 0] compiler/stage1/build/VarEnv.o
  AR libraries/text/dist-boot/build/libHStext-1.2.3.0.a

on the commandline: warning: unrecognised warning flag: -Wcpp-undef
C:\ghc-dev\msys64\mingw64\mingw\bin\ar.exe: creating libraries/text/dist-boot/build/libHStext-1.2.3.0.a
  HC [stage 0] compiler/stage1/build/RdrName.o
  HC [stage 0] compiler/stage1/build/FV.o

on the commandline: warning: unrecognised warning flag: -Wcpp-undef

on the commandline: warning: unrecognised warning flag: -Wcpp-undef
  HC [stage 0] compiler/stage1/build/ConLike.o-boot

on the commandline: warning: unrecognised warning flag: -Wcpp-undef
  HC [stage 0] compiler/stage1/build/MkId.o-boot
  HC [stage 0] compiler/stage1/build/Coercion.o-boot

on the commandline: warning: unrecognised warning flag: -Wcpp-undef

on the commandline: warning: unrecognised warning flag: -Wcpp-undef
  HC [stage 0] libraries/Cabal/Cabal/dist-boot/build/Distribution/Types/PackageDescription.o
  HC [stage 0] libraries/Cabal/Cabal/dist-boot/build/Distribution/Simple/Program.o
  HC [stage 0] libraries/Cabal/Cabal/dist-boot/build/Distribution/Parsec/Parser.o
  HC [stage 0] compiler/stage1/build/PrelNames.o
  HC [stage 0] compiler/stage1/build/ApiAnnotation.o

on the commandline: warning: unrecognised warning flag: -Wcpp-undef

on the commandline: warning: unrecognised warning flag: -Wcpp-undef
  HC [stage 0] libraries/Cabal/Cabal/dist-boot/build/Distribution/Types/GenericPackageDescription.o
  HC [stage 0] libraries/Cabal/Cabal/dist-boot/build/Distribution/Simple/Program/Strip.o
  HC [stage 0] compiler/stage1/build/Lexer.o

on the commandline: warning: unrecognised warning flag: -Wcpp-undef
  HC [stage 0] libraries/Cabal/Cabal/dist-boot/build/Distribution/PackageDescription.o
  HC [stage 0] libraries/Cabal/Cabal/dist-boot/build/Distribution/Parsec/Class.o
  HC [stage 0] compiler/stage1/build/TyCon.o

on the commandline: warning: unrecognised warning flag: -Wcpp-undef
  HC [stage 0] compiler/stage1/build/THNames.o

on the commandline: warning: unrecognised warning flag: -Wcpp-undef
  HC [stage 0] libraries/Cabal/Cabal/dist-boot/build/Distribution/Types/ComponentLocalBuildInfo.o
  HC [stage 0] libraries/Cabal/Cabal/dist-boot/build/Distribution/Simple/Setup.o
  HC [stage 0] libraries/Cabal/Cabal/dist-boot/build/Distribution/Simple/BuildToolDepends.o
  HC [stage 0] libraries/Cabal/Cabal/dist-boot/build/Distribution/Backpack/UnifyM.o
  HC [stage 0] libraries/Cabal/Cabal/dist-boot/build/Distribution/PackageDescription/Configuration.o
  HC [stage 0] libraries/Cabal/Cabal/dist-boot/build/Distribution/Parsec/Types/FieldDescr.o
  HC [stage 0] libraries/Cabal/Cabal/dist-boot/build/Distribution/Parsec/ConfVar.o
  HC [stage 0] compiler/stage1/build/ToIface.o-boot
  HC [stage 0] compiler/stage1/build/Type.o-boot

on the commandline: warning: unrecognised warning flag: -Wcpp-undef

on the commandline: warning: unrecognised warning flag: -Wcpp-undef
  HC [stage 0] compiler/stage1/build/IfaceType.o

on the commandline: warning: unrecognised warning flag: -Wcpp-undef
  HC [stage 0] compiler/stage1/build/TcTypeNats.o-boot
  HC [stage 0] compiler/stage1/build/CmmMonad.o

on the commandline: warning: unrecognised warning flag: -Wcpp-undef

on the commandline: warning: unrecognised warning flag: -Wcpp-undef
  HC [stage 0] libraries/Cabal/Cabal/dist-boot/build/Distribution/Types/TargetInfo.o
  HC [stage 0] libraries/Cabal/Cabal/dist-boot/build/Distribution/Backpack/MixLink.o
  HC [stage 0] libraries/Cabal/Cabal/dist-boot/build/Distribution/Make.o
  HC [stage 0] libraries/Cabal/Cabal/dist-boot/build/Distribution/PackageDescription/Parse.o
  HC [stage 0] libraries/Cabal/Cabal/dist-boot/build/Distribution/PackageDescription/Parsec/FieldDescr.o
  HC [stage 0] libraries/Cabal/Cabal/dist-boot/build/Distribution/Simple/Program/GHC.o
  HC [stage 0] compiler/stage1/build/TyCoRep.o

on the commandline: warning: unrecognised warning flag: -Wcpp-undef
  HC [stage 0] libraries/Cabal/Cabal/dist-boot/build/Distribution/Types/LocalBuildInfo.o
  HC [stage 0] libraries/Cabal/Cabal/dist-boot/build/Distribution/PackageDescription/PrettyPrint.o
  HC [stage 0] libraries/Cabal/Cabal/dist-boot/build/Distribution/PackageDescription/Parsec.o
  HC [stage 0] libraries/Cabal/Cabal/dist-boot/build/Distribution/Simple/LocalBuildInfo.o
  HC [stage 0] compiler/stage1/build/TysPrim.o

on the commandline: warning: unrecognised warning flag: -Wcpp-undef
  HC [stage 0] compiler/stage1/build/Kind.o
  HC [stage 0] libraries/Cabal/Cabal/dist-boot/build/Distribution/Backpack/Id.o

on the commandline: warning: unrecognised warning flag: -Wcpp-undef
  HC [stage 0] libraries/Cabal/Cabal/dist-boot/build/Distribution/Backpack/ComponentsGraph.o
  HC [stage 0] libraries/Cabal/Cabal/dist-boot/build/Distribution/Simple/BuildPaths.o
  HC [stage 0] libraries/Cabal/Cabal/dist-boot/build/Distribution/Simple/Program/Ar.o
  HC [stage 0] libraries/Cabal/Cabal/dist-boot/build/Distribution/Simple/Hpc.o
  HC [stage 0] libraries/Cabal/Cabal/dist-boot/build/Distribution/Simple/BuildTarget.o
  HC [stage 0] libraries/Cabal/Cabal/dist-boot/build/Distribution/Simple/Test/Log.o
  HC [stage 0] libraries/Cabal/Cabal/dist-boot/build/Distribution/Simple/Build/Macros.o
  HC [stage 0] compiler/stage1/build/Type.o
  HC [stage 0] libraries/Cabal/Cabal/dist-boot/build/Distribution/Backpack/ConfiguredComponent.o

on the commandline: warning: unrecognised warning flag: -Wcpp-undef
  HC [stage 0] libraries/Cabal/Cabal/dist-boot/build/Distribution/PackageDescription/Check.o
  HC [stage 0] libraries/Cabal/Cabal/dist-boot/build/Distribution/Simple/HaskellSuite.o
  HC [stage 0] libraries/Cabal/Cabal/dist-boot/build/Distribution/Simple/UHC.o
  HC [stage 0] libraries/Cabal/Cabal/dist-boot/build/Distribution/Simple/LHC.o
  HC [stage 0] libraries/Cabal/Cabal/dist-boot/build/Distribution/Simple/GHC/Internal.o
  HC [stage 0] libraries/Cabal/Cabal/dist-boot/build/Distribution/Simple/Build/PathsModule.o
  HC [stage 0] libraries/Cabal/Cabal/dist-boot/build/Distribution/Simple/JHC.o
  HC [stage 0] compiler/stage1/build/Coercion.o

on the commandline: warning: unrecognised warning flag: -Wcpp-undef
  HC [stage 0] compiler/stage1/build/PatSyn.o
  HC [stage 0] compiler/stage1/build/Literal.o

on the commandline: warning: unrecognised warning flag: -Wcpp-undef

on the commandline: warning: unrecognised warning flag: -Wcpp-undef
  HC [stage 0] compiler/stage1/build/PlaceHolder.o

on the commandline: warning: unrecognised warning flag: -Wcpp-undef
  HC [stage 0] libraries/Cabal/Cabal/dist-boot/build/Distribution/Backpack/LinkedComponent.o
  HC [stage 0] libraries/Cabal/Cabal/dist-boot/build/Distribution/Simple/GHCJS.o
  HC [stage 0] libraries/Cabal/Cabal/dist-boot/build/Distribution/Simple/GHC.o
  HC [stage 0] libraries/Cabal/Cabal/dist-boot/build/Distribution/Simple/Test/LibV09.o
  HC [stage 0] libraries/Cabal/Cabal/dist-boot/build/Distribution/Simple/Test/ExeV10.o
  HC [stage 0] compiler/stage1/build/Unify.o
  HC [stage 0] libraries/Cabal/Cabal/dist-boot/build/Distribution/Backpack/ReadyComponent.o

on the commandline: warning: unrecognised warning flag: -Wcpp-undef
  HC [stage 0] libraries/Cabal/Cabal/dist-boot/build/Distribution/Simple/Register.o
  HC [stage 0] libraries/Cabal/Cabal/dist-boot/build/Distribution/Simple/PreProcess.o
  HC [stage 0] libraries/Cabal/Cabal/dist-boot/build/Distribution/Simple/Install.o
  HC [stage 0] compiler/stage1/build/DataCon.o
  HC [stage 0] libraries/Cabal/Cabal/dist-boot/build/Distribution/Backpack/Configure.o

on the commandline: warning: unrecognised warning flag: -Wcpp-undef
  HC [stage 0] libraries/Cabal/Cabal/dist-boot/build/Distribution/Simple/UserHooks.o
  HC [stage 0] libraries/Cabal/Cabal/dist-boot/build/Distribution/Simple/SrcDist.o
  HC [stage 0] libraries/Cabal/Cabal/dist-boot/build/Distribution/Simple/Configure.o
  HC [stage 0] compiler/stage1/build/RepType.o

on the commandline: warning: unrecognised warning flag: -Wcpp-undef
  HC [stage 0] compiler/stage1/build/Demand.o

on the commandline: warning: unrecognised warning flag: -Wcpp-undef
  HC [stage 0] compiler/stage1/build/CoreSyn.o
  HC [stage 0] compiler/stage1/build/ConLike.o

on the commandline: warning: unrecognised warning flag: -Wcpp-undef

on the commandline: warning: unrecognised warning flag: -Wcpp-undef
  HC [stage 0] compiler/stage1/build/Vectorise/Type/Classify.o

on the commandline: warning: unrecognised warning flag: -Wcpp-undef
  HC [stage 0] libraries/Cabal/Cabal/dist-boot/build/Distribution/Simple/Build.o
  HC [stage 0] libraries/Cabal/Cabal/dist-boot/build/Distribution/Simple/Test.o
  HC [stage 0] libraries/Cabal/Cabal/dist-boot/build/Distribution/Simple/Bench.o
  HC [stage 0] compiler/stage1/build/IdInfo.o

on the commandline: warning: unrecognised warning flag: -Wcpp-undef
  HC [stage 0] compiler/stage1/build/TrieMap.o
  HC [stage 0] compiler/stage1/build/Vectorise/Vect.o

on the commandline: warning: unrecognised warning flag: -Wcpp-undef

on the commandline: warning: unrecognised warning flag: -Wcpp-undef
  HC [stage 0] libraries/Cabal/Cabal/dist-boot/build/Distribution/Simple/Doctest.o
  HC [stage 0] libraries/Cabal/Cabal/dist-boot/build/Distribution/Simple/Haddock.o
  HC [stage 0] compiler/stage1/build/Id.o

on the commandline: warning: unrecognised warning flag: -Wcpp-undef
  HC [stage 0] compiler/stage1/build/FamInstEnv.o

on the commandline: warning: unrecognised warning flag: -Wcpp-undef
  HC [stage 0] compiler/stage1/build/CoreStats.o
  HC [stage 0] compiler/stage1/build/TysWiredIn.o

on the commandline: warning: unrecognised warning flag: -Wcpp-undef

on the commandline: warning: unrecognised warning flag: -Wcpp-undef
  HC [stage 0] compiler/stage1/build/InteractiveEvalTypes.o
  HC [stage 0] compiler/stage1/build/CoreSeq.o

on the commandline: warning: unrecognised warning flag: -Wcpp-undef

on the commandline: warning: unrecognised warning flag: -Wcpp-undef
  HC [stage 0] compiler/stage1/build/UnVarGraph.o
  HC [stage 0] libraries/Cabal/Cabal/dist-boot/build/Distribution/Simple.o

on the commandline: warning: unrecognised warning flag: -Wcpp-undef
  HC [stage 0] compiler/stage1/build/CoreFVs.o

on the commandline: warning: unrecognised warning flag: -Wcpp-undef
  HC [stage 0] compiler/stage1/build/PprCore.o

on the commandline: warning: unrecognised warning flag: -Wcpp-undef
  HC [stage 0] compiler/stage1/build/NameCache.o

on the commandline: warning: unrecognised warning flag: -Wcpp-undef
  HC [stage 0] compiler/stage1/build/PrimOp.o
  HC [stage 0] compiler/stage1/build/KnownUniques.o

on the commandline: warning: unrecognised warning flag: -Wcpp-undef

on the commandline: warning: unrecognised warning flag: -Wcpp-undef
  HC [stage 0] compiler/stage1/build/Vectorise/Builtins/Base.o

on the commandline: warning: unrecognised warning flag: -Wcpp-undef
  HC [stage 0] compiler/stage1/build/TcType.o
  AR libraries/Cabal/Cabal/dist-boot/build/libHSCabal-2.0.0.2.a

on the commandline: warning: unrecognised warning flag: -Wcpp-undef
C:\ghc-dev\msys64\mingw64\mingw\bin\ar.exe: creating libraries/Cabal/Cabal/dist-boot/build/libHSCabal-2.0.0.2.a
  HC [stage 0] compiler/stage1/build/IfaceSyn.o

on the commandline: warning: unrecognised warning flag: -Wcpp-undef
  HC [stage 0] utils/ghc-pkg/dist/build/tmp/ghc-pkg.exe
  HC [stage 0] compiler/stage1/build/ByteCodeTypes.o

on the commandline: warning: unrecognised warning flag: -Wcpp-undef
  HC [stage 0] compiler/stage1/build/CoreUtils.o

on the commandline: warning: unrecognised warning flag: -Wcpp-undef
  HC [stage 0] compiler/stage1/build/CLabel.o

on the commandline: warning: unrecognised warning flag: -Wcpp-undef
  HC [stage 0] compiler/stage1/build/StgSyn.o

on the commandline: warning: unrecognised warning flag: -Wcpp-undef
  HC [stage 0] compiler/stage1/build/TcEvidence.o

on the commandline: warning: unrecognised warning flag: -Wcpp-undef
  HC [stage 0] compiler/stage1/build/InstEnv.o

on the commandline: warning: unrecognised warning flag: -Wcpp-undef
  HC [stage 0] compiler/stage1/build/CoreSubst.o
  HC [stage 0] compiler/stage1/build/OccurAnal.o

on the commandline: warning: unrecognised warning flag: -Wcpp-undef

on the commandline: warning: unrecognised warning flag: -Wcpp-undef
  HC [stage 0] compiler/stage1/build/BlockId.o

on the commandline: warning: unrecognised warning flag: -Wcpp-undef
  HC [stage 0] compiler/stage1/build/StgStats.o
  HC [stage 0] compiler/stage1/build/StgCse.o

on the commandline: warning: unrecognised warning flag: -Wcpp-undef

on the commandline: warning: unrecognised warning flag: -Wcpp-undef
  HC [stage 0] compiler/stage1/build/StgLint.o

on the commandline: warning: unrecognised warning flag: -Wcpp-undef
  HC [stage 0] compiler/stage1/build/SCCfinal.o

on the commandline: warning: unrecognised warning flag: -Wcpp-undef
  HC [stage 0] compiler/stage1/build/ProfInit.o

on the commandline: warning: unrecognised warning flag: -Wcpp-undef
  HC [stage 0] compiler/stage1/build/SAT.o
  HC [stage 0] compiler/stage1/build/CoreArity.o
  HC [stage 0] compiler/stage1/build/HsExtension.o

on the commandline: warning: unrecognised warning flag: -Wcpp-undef

on the commandline: warning: unrecognised warning flag: -Wcpp-undef

on the commandline: warning: unrecognised warning flag: -Wcpp-undef
  HC [stage 0] compiler/stage1/build/OptCoercion.o
  HC [stage 0] compiler/stage1/build/CmmExpr.o

on the commandline: warning: unrecognised warning flag: -Wcpp-undef

on the commandline: warning: unrecognised warning flag: -Wcpp-undef
  HC [stage 0] compiler/stage1/build/CSE.o

on the commandline: warning: unrecognised warning flag: -Wcpp-undef
  HC [stage 0] compiler/stage1/build/HsPat.o-boot

on the commandline: warning: unrecognised warning flag: -Wcpp-undef
Reading package info from "rts/dist/package.conf.inplace" ... done.
rts-1.0: Warning: library-dirs: C:/TeamCity/buildAgent/work/28754042a1be6052/rts/dist/build doesn't exist or isn't a directory
rts-1.0: Warning: include-dirs: C:/TeamCity/buildAgent/work/28754042a1be6052/rts/dist/build doesn't exist or isn't a directory
rts-1.0: cannot find any of ["libHSrts.a","libHSrts.p_a","libHSrts-ghc8.3.20171012.so","libHSrts-ghc8.3.20171012.dylib","HSrts-ghc8.3.20171012.dll"] on library path (ignoring)
rts-1.0: cannot find any of ["libCffi-6.a","libCffi-6.p_a","libCffi-6-ghc8.3.20171012.so","libCffi-6-ghc8.3.20171012.dylib","Cffi-6-ghc8.3.20171012.dll"] on library path (ignoring)
  HC [stage 0] compiler/stage1/build/HsImpExp.o
  HC [stage 0] compiler/stage1/build/CoreTidy.o

on the commandline: warning: unrecognised warning flag: -Wcpp-undef

on the commandline: warning: unrecognised warning flag: -Wcpp-undef
  HC [stage 0] compiler/stage1/build/CodeGen/Platform/NoRegs.o
  HC [stage 0] compiler/stage1/build/CodeGen/Platform/X86_64.o
  HC [stage 0] compiler/stage1/build/CodeGen/Platform/X86.o

on the commandline: warning: unrecognised warning flag: -Wcpp-undef

on the commandline: warning: unrecognised warning flag: -Wcpp-undef

on the commandline: warning: unrecognised warning flag: -Wcpp-undef
  HC [stage 0] compiler/stage1/build/CodeGen/Platform/SPARC.o
  HC [stage 0] compiler/stage1/build/CodeGen/Platform/PPC_Darwin.o

on the commandline: warning: unrecognised warning flag: -Wcpp-undef
  HC [stage 0] compiler/stage1/build/CodeGen/Platform/PPC.o

on the commandline: warning: unrecognised warning flag: -Wcpp-undef

on the commandline: warning: unrecognised warning flag: -Wcpp-undef
  HC [stage 0] compiler/stage1/build/CodeGen/Platform/ARM.o
  HC [stage 0] compiler/stage1/build/CodeGen/Platform/ARM64.o
  HC [stage 0] compiler/stage1/build/PprCmmExpr.o

on the commandline: warning: unrecognised warning flag: -Wcpp-undef

on the commandline: warning: unrecognised warning flag: -Wcpp-undef

on the commandline: warning: unrecognised warning flag: -Wcpp-undef
  HC [stage 0] compiler/stage1/build/CmmLex.o

on the commandline: warning: unrecognised warning flag: -Wcpp-undef
  HC [stage 0] compiler/stage1/build/CallArity.o
  HC [stage 0] compiler/stage1/build/HsExpr.o-boot

on the commandline: warning: unrecognised warning flag: -Wcpp-undef

on the commandline: warning: unrecognised warning flag: -Wcpp-undef
  HC [stage 0] compiler/stage1/build/CoreOpt.o
  HC [stage 0] compiler/stage1/build/CodeGen/Platform.o

on the commandline: warning: unrecognised warning flag: -Wcpp-undef
  HC [stage 0] compiler/stage1/build/HsLit.o

on the commandline: warning: unrecognised warning flag: -Wcpp-undef

on the commandline: warning: unrecognised warning flag: -Wcpp-undef
  HC [stage 0] compiler/stage1/build/HsTypes.o

on the commandline: warning: unrecognised warning flag: -Wcpp-undef
  HC [stage 0] compiler/stage1/build/CmmNode.o

on the commandline: warning: unrecognised warning flag: -Wcpp-undef
  HC [stage 0] compiler/stage1/build/CoreUnfold.o

on the commandline: warning: unrecognised warning flag: -Wcpp-undef
  HC [stage 0] compiler/stage1/build/Rules.o

on the commandline: warning: unrecognised warning flag: -Wcpp-undef
  HC [stage 0] compiler/stage1/build/Cmm.o

on the commandline: warning: unrecognised warning flag: -Wcpp-undef
  HC [stage 0] compiler/stage1/build/HsBinds.o
  HC [stage 0] compiler/stage1/build/LiberateCase.o

on the commandline: warning: unrecognised warning flag: -Wcpp-undef

on the commandline: warning: unrecognised warning flag: -Wcpp-undef
  HC [stage 0] compiler/stage1/build/PprCmmDecl.o

on the commandline: warning: unrecognised warning flag: -Wcpp-undef
  HC [stage 0] compiler/stage1/build/CmmUtils.o

on the commandline: warning: unrecognised warning flag: -Wcpp-undef
  HC [stage 0] compiler/stage1/build/Hoopl/Dataflow.o

on the commandline: warning: unrecognised warning flag: -Wcpp-undef
  HC [stage 0] compiler/stage1/build/PprBase.o

on the commandline: warning: unrecognised warning flag: -Wcpp-undef
  HC [stage 0] compiler/stage1/build/Format.o
  HC [stage 0] compiler/stage1/build/X86/Regs.o

on the commandline: warning: unrecognised warning flag: -Wcpp-undef

on the commandline: warning: unrecognised warning flag: -Wcpp-undef
  HC [stage 0] compiler/stage1/build/Instruction.o

on the commandline: warning: unrecognised warning flag: -Wcpp-undef
  HC [stage 0] compiler/stage1/build/SPARC/Imm.o
  HC [stage 0] compiler/stage1/build/StgCmmClosure.o

on the commandline: warning: unrecognised warning flag: -Wcpp-undef

on the commandline: warning: unrecognised warning flag: -Wcpp-undef
  HC [stage 0] compiler/stage1/build/HsPat.o
  HC [stage 0] compiler/stage1/build/HsDecls.o

on the commandline: warning: unrecognised warning flag: -Wcpp-undef

on the commandline: warning: unrecognised warning flag: -Wcpp-undef
  HC [stage 0] compiler/stage1/build/PprCmm.o

on the commandline: warning: unrecognised warning flag: -Wcpp-undef
  HC [stage 0] compiler/stage1/build/CmmLive.o

on the commandline: warning: unrecognised warning flag: -Wcpp-undef
  HC [stage 0] compiler/stage1/build/Llvm/Types.o

on the commandline: warning: unrecognised warning flag: -Wcpp-undef
  HC [stage 0] compiler/stage1/build/CgUtils.o

on the commandline: warning: unrecognised warning flag: -Wcpp-undef
  HC [stage 0] compiler/stage1/build/CmmOpt.o

on the commandline: warning: unrecognised warning flag: -Wcpp-undef
  HC [stage 0] compiler/stage1/build/Debug.o
  HC [stage 0] compiler/stage1/build/Dwarf/Constants.o

on the commandline: warning: unrecognised warning flag: -Wcpp-undef

on the commandline: warning: unrecognised warning flag: -Wcpp-undef
  HC [stage 0] compiler/stage1/build/SPARC/Regs.o
  HC [stage 0] compiler/stage1/build/PPC/Regs.o

on the commandline: warning: unrecognised warning flag: -Wcpp-undef

on the commandline: warning: unrecognised warning flag: -Wcpp-undef
  HC [stage 0] compiler/stage1/build/X86/RegInfo.o

on the commandline: warning: unrecognised warning flag: -Wcpp-undef
  HC [stage 0] compiler/stage1/build/CmmInfo.o

on the commandline: warning: unrecognised warning flag: -Wcpp-undef
  HC [stage 0] compiler/stage1/build/RegAlloc/Linear/X86_64/FreeRegs.o
  HC [stage 0] compiler/stage1/build/RegAlloc/Linear/X86/FreeRegs.o

on the commandline: warning: unrecognised warning flag: -Wcpp-undef

on the commandline: warning: unrecognised warning flag: -Wcpp-undef
  HC [stage 0] compiler/stage1/build/SPARC/AddrMode.o
  HC [stage 0] compiler/stage1/build/StgCmmArgRep.o
  HC [stage 0] compiler/stage1/build/CmmContFlowOpt.o

on the commandline: warning: unrecognised warning flag: -Wcpp-undef

on the commandline: warning: unrecognised warning flag: -Wcpp-undef

on the commandline: warning: unrecognised warning flag: -Wcpp-undef
  HC [stage 0] compiler/stage1/build/CmmImplementSwitchPlans.o
  HC [stage 0] compiler/stage1/build/HsExpr.o
  HC [stage 0] compiler/stage1/build/CmmLint.o

on the commandline: warning: unrecognised warning flag: -Wcpp-undef

on the commandline: warning: unrecognised warning flag: -Wcpp-undef

on the commandline: warning: unrecognised warning flag: -Wcpp-undef
  HC [stage 0] compiler/stage1/build/PprC.o

on the commandline: warning: unrecognised warning flag: -Wcpp-undef
  HC [stage 0] compiler/stage1/build/Llvm/MetaData.o

on the commandline: warning: unrecognised warning flag: -Wcpp-undef
  HC [stage 0] compiler/stage1/build/Dwarf/Types.o

on the commandline: warning: unrecognised warning flag: -Wcpp-undef
  HC [stage 0] compiler/stage1/build/TargetReg.o

on the commandline: warning: unrecognised warning flag: -Wcpp-undef
  HC [stage 0] compiler/stage1/build/RegAlloc/Liveness.o

on the commandline: warning: unrecognised warning flag: -Wcpp-undef
  HC [stage 0] compiler/stage1/build/RegAlloc/Linear/SPARC/FreeRegs.o
  HC [stage 0] compiler/stage1/build/RegAlloc/Linear/PPC/FreeRegs.o

on the commandline: warning: unrecognised warning flag: -Wcpp-undef

on the commandline: warning: unrecognised warning flag: -Wcpp-undef
  HC [stage 0] compiler/stage1/build/SPARC/Stack.o
  HC [stage 0] compiler/stage1/build/CmmSink.o

on the commandline: warning: unrecognised warning flag: -Wcpp-undef

on the commandline: warning: unrecognised warning flag: -Wcpp-undef
  HC [stage 0] compiler/stage1/build/CmmCallConv.o
  HC [stage 0] compiler/stage1/build/CmmProcPoint.o

on the commandline: warning: unrecognised warning flag: -Wcpp-undef

on the commandline: warning: unrecognised warning flag: -Wcpp-undef
  HC [stage 0] compiler/stage1/build/CmmCommonBlockElim.o

on the commandline: warning: unrecognised warning flag: -Wcpp-undef
  HC [stage 0] compiler/stage1/build/CmmBuildInfoTables.o

on the commandline: warning: unrecognised warning flag: -Wcpp-undef
  HC [stage 0] compiler/stage1/build/HsUtils.o

on the commandline: warning: unrecognised warning flag: -Wcpp-undef
  HC [stage 0] compiler/stage1/build/Llvm/AbsSyn.o

on the commandline: warning: unrecognised warning flag: -Wcpp-undef
  HC [stage 0] compiler/stage1/build/Dwarf.o

on the commandline: warning: unrecognised warning flag: -Wcpp-undef
  HC [stage 0] compiler/stage1/build/NCGMonad.o

on the commandline: warning: unrecognised warning flag: -Wcpp-undef
  HC [stage 0] compiler/stage1/build/X86/Instr.o

on the commandline: warning: unrecognised warning flag: -Wcpp-undef
  HC [stage 0] compiler/stage1/build/PPC/Instr.o

on the commandline: warning: unrecognised warning flag: -Wcpp-undef
  HC [stage 0] compiler/stage1/build/RegAlloc/Graph/SpillCost.o

on the commandline: warning: unrecognised warning flag: -Wcpp-undef
  HC [stage 0] compiler/stage1/build/RegAlloc/Graph/Spill.o

on the commandline: warning: unrecognised warning flag: -Wcpp-undef
  HC [stage 0] compiler/stage1/build/RegAlloc/Graph/SpillClean.o
  HC [stage 0] compiler/stage1/build/SPARC/Instr.o

on the commandline: warning: unrecognised warning flag: -Wcpp-undef

on the commandline: warning: unrecognised warning flag: -Wcpp-undef
  HC [stage 0] compiler/stage1/build/RegAlloc/Linear/Base.o

on the commandline: warning: unrecognised warning flag: -Wcpp-undef
  HC [stage 0] compiler/stage1/build/MkGraph.o

on the commandline: warning: unrecognised warning flag: -Wcpp-undef
  HC [stage 0] compiler/stage1/build/RegAlloc/Graph/Coalesce.o
  HC [stage 0] compiler/stage1/build/HsSyn.o

on the commandline: warning: unrecognised warning flag: -Wcpp-undef

on the commandline: warning: unrecognised warning flag: -Wcpp-undef
  HC [stage 0] compiler/stage1/build/PIC.o
  HC [stage 0] compiler/stage1/build/Llvm/PpLlvm.o

on the commandline: warning: unrecognised warning flag: -Wcpp-undef

on the commandline: warning: unrecognised warning flag: -Wcpp-undef
  HC [stage 0] compiler/stage1/build/RegAlloc/Graph/Stats.o

on the commandline: warning: unrecognised warning flag: -Wcpp-undef
  HC [stage 0] compiler/stage1/build/RegAlloc/Linear/FreeRegs.o

on the commandline: warning: unrecognised warning flag: -Wcpp-undef
  HC [stage 0] compiler/stage1/build/RegAlloc/Linear/Stats.o
  HC [stage 0] compiler/stage1/build/PPC/Ppr.o

on the commandline: warning: unrecognised warning flag: -Wcpp-undef
  HC [stage 0] compiler/stage1/build/PPC/RegInfo.o

on the commandline: warning: unrecognised warning flag: -Wcpp-undef

on the commandline: warning: unrecognised warning flag: -Wcpp-undef
  HC [stage 0] compiler/stage1/build/SPARC/Ppr.o

on the commandline: warning: unrecognised warning flag: -Wcpp-undef
  HC [stage 0] compiler/stage1/build/SPARC/ShortcutJump.o

on the commandline: warning: unrecognised warning flag: -Wcpp-undef
  HC [stage 0] compiler/stage1/build/SPARC/CodeGen/Base.o

on the commandline: warning: unrecognised warning flag: -Wcpp-undef
  HC [stage 0] compiler/stage1/build/X86/Ppr.o
  HC [stage 0] compiler/stage1/build/StgCmmMonad.o

on the commandline: warning: unrecognised warning flag: -Wcpp-undef

on the commandline: warning: unrecognised warning flag: -Wcpp-undef
  HC [stage 0] compiler/stage1/build/PmExpr.o

on the commandline: warning: unrecognised warning flag: -Wcpp-undef
  HC [stage 0] compiler/stage1/build/HscTypes.o
  HC [stage 0] compiler/stage1/build/RdrHsSyn.o

on the commandline: warning: unrecognised warning flag: -Wcpp-undef

on the commandline: warning: unrecognised warning flag: -Wcpp-undef
  HC [stage 0] compiler/stage1/build/HscStats.o

on the commandline: warning: unrecognised warning flag: -Wcpp-undef
  HC [stage 0] compiler/stage1/build/Llvm.o

on the commandline: warning: unrecognised warning flag: -Wcpp-undef
  HC [stage 0] compiler/stage1/build/RegAlloc/Graph/Main.o
  HC [stage 0] compiler/stage1/build/RegAlloc/Linear/State.o

on the commandline: warning: unrecognised warning flag: -Wcpp-undef
  HC [stage 0] compiler/stage1/build/PPC/CodeGen.o

on the commandline: warning: unrecognised warning flag: -Wcpp-undef

on the commandline: warning: unrecognised warning flag: -Wcpp-undef
  HC [stage 0] compiler/stage1/build/SPARC/CodeGen/Expand.o

on the commandline: warning: unrecognised warning flag: -Wcpp-undef
  HC [stage 0] compiler/stage1/build/SPARC/CodeGen/Gen32.o-boot

on the commandline: warning: unrecognised warning flag: -Wcpp-undef
  HC [stage 0] compiler/stage1/build/X86/CodeGen.o
  HC [stage 0] compiler/stage1/build/SPARC/CodeGen/Sanity.o

on the commandline: warning: unrecognised warning flag: -Wcpp-undef

on the commandline: warning: unrecognised warning flag: -Wcpp-undef
  HC [stage 0] compiler/stage1/build/StgCmmBind.o-boot
  HC [stage 0] compiler/stage1/build/StgCmmUtils.o

on the commandline: warning: unrecognised warning flag: -Wcpp-undef

on the commandline: warning: unrecognised warning flag: -Wcpp-undef
  HC [stage 0] compiler/stage1/build/StgCmmExtCode.o

on the commandline: warning: unrecognised warning flag: -Wcpp-undef
  HC [stage 0] compiler/stage1/build/HsDumpAst.o

on the commandline: warning: unrecognised warning flag: -Wcpp-undef
  HC [stage 0] compiler/stage1/build/HaddockUtils.o

on the commandline: warning: unrecognised warning flag: -Wcpp-undef
  HC [stage 0] compiler/stage1/build/BkpSyn.o
  HC [stage 0] compiler/stage1/build/TcRnTypes.o

on the commandline: warning: unrecognised warning flag: -Wcpp-undef

on the commandline: warning: unrecognised warning flag: -Wcpp-undef
  HC [stage 0] compiler/stage1/build/Finder.o

on the commandline: warning: unrecognised warning flag: -Wcpp-undef
  HC [stage 0] compiler/stage1/build/PipelineMonad.o

on the commandline: warning: unrecognised warning flag: -Wcpp-undef
  HC [stage 0] compiler/stage1/build/MkCore.o
  HC [stage 0] compiler/stage1/build/LlvmCodeGen/Regs.o

on the commandline: warning: unrecognised warning flag: -Wcpp-undef
  HC [stage 0] compiler/stage1/build/RegAlloc/Linear/JoinToTargets.o

on the commandline: warning: unrecognised warning flag: -Wcpp-undef

on the commandline: warning: unrecognised warning flag: -Wcpp-undef
  HC [stage 0] compiler/stage1/build/SPARC/CodeGen/Amode.o
  HC [stage 0] compiler/stage1/build/SPARC/CodeGen/CondCode.o

on the commandline: warning: unrecognised warning flag: -Wcpp-undef

on the commandline: warning: unrecognised warning flag: -Wcpp-undef
  HC [stage 0] compiler/stage1/build/StgCmmProf.o
  HC [stage 0] compiler/stage1/build/StgCmmTicky.o

on the commandline: warning: unrecognised warning flag: -Wcpp-undef

on the commandline: warning: unrecognised warning flag: -Wcpp-undef
  HC [stage 0] compiler/stage1/build/StgCmmEnv.o

on the commandline: warning: unrecognised warning flag: -Wcpp-undef
  HC [stage 0] compiler/stage1/build/StgCmmHpc.o
  HC [stage 0] compiler/stage1/build/Vectorise/Env.o

on the commandline: warning: unrecognised warning flag: -Wcpp-undef

on the commandline: warning: unrecognised warning flag: -Wcpp-undef
  HC [stage 0] compiler/stage1/build/Parser.o

on the commandline: warning: unrecognised warning flag: -Wcpp-undef
  HC [stage 0] compiler/stage1/build/Convert.o
  HC [stage 0] compiler/stage1/build/GhcMonad.o

on the commandline: warning: unrecognised warning flag: -Wcpp-undef

on the commandline: warning: unrecognised warning flag: -Wcpp-undef
  HC [stage 0] compiler/stage1/build/TcEnv.o-boot
  HC [stage 0] compiler/stage1/build/TcSplice.o-boot

on the commandline: warning: unrecognised warning flag: -Wcpp-undef

on the commandline: warning: unrecognised warning flag: -Wcpp-undef
  HC [stage 0] compiler/stage1/build/TcIface.o-boot

on the commandline: warning: unrecognised warning flag: -Wcpp-undef
  HC [stage 0] compiler/stage1/build/Hooks.o
  HC [stage 0] compiler/stage1/build/PrelRules.o
  HC [stage 0] compiler/stage1/build/TcRnDriver.o-boot

on the commandline: warning: unrecognised warning flag: -Wcpp-undef

on the commandline: warning: unrecognised warning flag: -Wcpp-undef

on the commandline: warning: unrecognised warning flag: -Wcpp-undef
  HC [stage 0] compiler/stage1/build/TcUnify.o-boot
  HC [stage 0] compiler/stage1/build/TcExpr.o-boot

on the commandline: warning: unrecognised warning flag: -Wcpp-undef

on the commandline: warning: unrecognised warning flag: -Wcpp-undef
  HC [stage 0] compiler/stage1/build/TcSimplify.o-boot
  HC [stage 0] compiler/stage1/build/TcTypeNats.o

on the commandline: warning: unrecognised warning flag: -Wcpp-undef
  HC [stage 0] compiler/stage1/build/TcMatches.o-boot

on the commandline: warning: unrecognised warning flag: -Wcpp-undef
  HC [stage 0] compiler/stage1/build/RnHsDoc.o

on the commandline: warning: unrecognised warning flag: -Wcpp-undef

on the commandline: warning: unrecognised warning flag: -Wcpp-undef
  HC [stage 0] compiler/stage1/build/LlvmCodeGen/Base.o
  HC [stage 0] compiler/stage1/build/RegAlloc/Linear/Main.o

on the commandline: warning: unrecognised warning flag: -Wcpp-undef
  HC [stage 0] compiler/stage1/build/SPARC/CodeGen/Gen64.o

on the commandline: warning: unrecognised warning flag: -Wcpp-undef

on the commandline: warning: unrecognised warning flag: -Wcpp-undef
  HC [stage 0] compiler/stage1/build/StgCmmLayout.o
  HC [stage 0] compiler/stage1/build/RnExpr.o-boot
  HC [stage 0] compiler/stage1/build/HeaderInfo.o

on the commandline: warning: unrecognised warning flag: -Wcpp-undef

on the commandline: warning: unrecognised warning flag: -Wcpp-undef

on the commandline: warning: unrecognised warning flag: -Wcpp-undef
  HC [stage 0] compiler/stage1/build/DsUsage.o

on the commandline: warning: unrecognised warning flag: -Wcpp-undef
  HC [stage 0] compiler/stage1/build/TcRnMonad.o
  HC [stage 0] compiler/stage1/build/MkId.o

on the commandline: warning: unrecognised warning flag: -Wcpp-undef

on the commandline: warning: unrecognised warning flag: -Wcpp-undef
  HC [stage 0] compiler/stage1/build/SysTools/Tasks.o

on the commandline: warning: unrecognised warning flag: -Wcpp-undef
  HC [stage 0] compiler/stage1/build/LlvmCodeGen/Data.o

on the commandline: warning: unrecognised warning flag: -Wcpp-undef
  HC [stage 0] compiler/stage1/build/LlvmCodeGen/CodeGen.o
  HC [stage 0] compiler/stage1/build/SPARC/CodeGen/Gen32.o

on the commandline: warning: unrecognised warning flag: -Wcpp-undef

on the commandline: warning: unrecognised warning flag: -Wcpp-undef
  HC [stage 0] compiler/stage1/build/StgCmmForeign.o
  HC [stage 0] compiler/stage1/build/StgCmmHeap.o

on the commandline: warning: unrecognised warning flag: -Wcpp-undef

on the commandline: warning: unrecognised warning flag: -Wcpp-undef
  HC [stage 0] compiler/stage1/build/GHCi.o

on the commandline: warning: unrecognised warning flag: -Wcpp-undef
  HC [stage 0] compiler/stage1/build/ByteCodeInstr.o
  HC [stage 0] compiler/stage1/build/LoadIface.o-boot

on the commandline: warning: unrecognised warning flag: -Wcpp-undef

on the commandline: warning: unrecognised warning flag: -Wcpp-undef
  HC [stage 0] compiler/stage1/build/IfaceEnv.o
  HC [stage 0] compiler/stage1/build/PrelInfo.o

on the commandline: warning: unrecognised warning flag: -Wcpp-undef

on the commandline: warning: unrecognised warning flag: -Wcpp-undef
  HC [stage 0] compiler/stage1/build/TcMType.o

on the commandline: warning: unrecognised warning flag: -Wcpp-undef
  HC [stage 0] compiler/stage1/build/RnUnbound.o
  HC [stage 0] compiler/stage1/build/TcPatSyn.o-boot

on the commandline: warning: unrecognised warning flag: -Wcpp-undef

on the commandline: warning: unrecognised warning flag: -Wcpp-undef
  HC [stage 0] compiler/stage1/build/SysTools/ExtraObj.o
  HC [stage 0] compiler/stage1/build/LlvmCodeGen/Ppr.o

on the commandline: warning: unrecognised warning flag: -Wcpp-undef

on the commandline: warning: unrecognised warning flag: -Wcpp-undef
  HC [stage 0] compiler/stage1/build/SPARC/CodeGen.o

on the commandline: warning: unrecognised warning flag: -Wcpp-undef
  HC [stage 0] compiler/stage1/build/CmmLayoutStack.o
  HC [stage 0] compiler/stage1/build/StgCmmPrim.o

on the commandline: warning: unrecognised warning flag: -Wcpp-undef

on the commandline: warning: unrecognised warning flag: -Wcpp-undef
  HC [stage 0] compiler/stage1/build/UnariseStg.o

on the commandline: warning: unrecognised warning flag: -Wcpp-undef
  HC [stage 0] compiler/stage1/build/CoreToStg.o
  HC [stage 0] compiler/stage1/build/WwLib.o

on the commandline: warning: unrecognised warning flag: -Wcpp-undef

on the commandline: warning: unrecognised warning flag: -Wcpp-undef
  HC [stage 0] compiler/stage1/build/Coverage.o
  HC [stage 0] compiler/stage1/build/RnSplice.o-boot

on the commandline: warning: unrecognised warning flag: -Wcpp-undef

on the commandline: warning: unrecognised warning flag: -Wcpp-undef
  HC [stage 0] compiler/stage1/build/TcAnnotations.o
  HC [stage 0] compiler/stage1/build/ToIface.o

on the commandline: warning: unrecognised warning flag: -Wcpp-undef

on the commandline: warning: unrecognised warning flag: -Wcpp-undef
  HC [stage 0] compiler/stage1/build/ByteCodeItbls.o
  HC [stage 0] compiler/stage1/build/ByteCodeLink.o

on the commandline: warning: unrecognised warning flag: -Wcpp-undef
  HC [stage 0] compiler/stage1/build/NameShape.o

on the commandline: warning: unrecognised warning flag: -Wcpp-undef

on the commandline: warning: unrecognised warning flag: -Wcpp-undef
  HC [stage 0] compiler/stage1/build/BinIface.o
  HC [stage 0] compiler/stage1/build/TcHsSyn.o

on the commandline: warning: unrecognised warning flag: -Wcpp-undef

on the commandline: warning: unrecognised warning flag: -Wcpp-undef
  HC [stage 0] compiler/stage1/build/BuildTyCl.o

on the commandline: warning: unrecognised warning flag: -Wcpp-undef
  HC [stage 0] compiler/stage1/build/SysTools.o

on the commandline: warning: unrecognised warning flag: -Wcpp-undef
  HC [stage 0] compiler/stage1/build/AsmCodeGen.o

on the commandline: warning: unrecognised warning flag: -Wcpp-undef
  HC [stage 0] compiler/stage1/build/CmmPipeline.o

on the commandline: warning: unrecognised warning flag: -Wcpp-undef
  HC [stage 0] compiler/stage1/build/StgCmmCon.o

on the commandline: warning: unrecognised warning flag: -Wcpp-undef
  HC [stage 0] compiler/stage1/build/SimplStg.o

on the commandline: warning: unrecognised warning flag: -Wcpp-undef
  HC [stage 0] compiler/stage1/build/WorkWrap.o

on the commandline: warning: unrecognised warning flag: -Wcpp-undef
  HC [stage 0] compiler/stage1/build/DmdAnal.o

on the commandline: warning: unrecognised warning flag: -Wcpp-undef
  HC [stage 0] compiler/stage1/build/ByteCodeAsm.o
  HC [stage 0] compiler/stage1/build/DebuggerUtils.o

on the commandline: warning: unrecognised warning flag: -Wcpp-undef

on the commandline: warning: unrecognised warning flag: -Wcpp-undef
  HC [stage 0] compiler/stage1/build/RnModIface.o
  HC [stage 0] compiler/stage1/build/LlvmCodeGen.o
  HC [stage 0] compiler/stage1/build/StgCmmExpr.o

on the commandline: warning: unrecognised warning flag: -Wcpp-undef

on the commandline: warning: unrecognised warning flag: -Wcpp-undef

on the commandline: warning: unrecognised warning flag: -Wcpp-undef
  HC [stage 0] compiler/stage1/build/TmOracle.o
  HC [stage 0] compiler/stage1/build/FlagChecker.o

on the commandline: warning: unrecognised warning flag: -Wcpp-undef

on the commandline: warning: unrecognised warning flag: -Wcpp-undef
  HC [stage 0] compiler/stage1/build/ByteCodeGen.o

on the commandline: warning: unrecognised warning flag: -Wcpp-undef
  HC [stage 0] compiler/stage1/build/LoadIface.o
  HC [stage 0] compiler/stage1/build/CodeOutput.o

on the commandline: warning: unrecognised warning flag: -Wcpp-undef

on the commandline: warning: unrecognised warning flag: -Wcpp-undef
  HC [stage 0] compiler/stage1/build/StgCmmBind.o

on the commandline: warning: unrecognised warning flag: -Wcpp-undef
  HC [stage 0] compiler/stage1/build/TcEnv.o
  HC [stage 0] compiler/stage1/build/FamInst.o

on the commandline: warning: unrecognised warning flag: -Wcpp-undef

on the commandline: warning: unrecognised warning flag: -Wcpp-undef
  HC [stage 0] compiler/stage1/build/RnFixity.o

on the commandline: warning: unrecognised warning flag: -Wcpp-undef
  HC [stage 0] compiler/stage1/build/StgCmm.o
  HC [stage 0] compiler/stage1/build/CmmParse.o
  HC [stage 0] compiler/stage1/build/MkIface.o

on the commandline: warning: unrecognised warning flag: -Wcpp-undef

on the commandline: warning: unrecognised warning flag: -Wcpp-undef

on the commandline: warning: unrecognised warning flag: -Wcpp-undef
  HC [stage 0] compiler/stage1/build/Linker.o

on the commandline: warning: unrecognised warning flag: -Wcpp-undef
  HC [stage 0] compiler/stage1/build/FunDeps.o

on the commandline: warning: unrecognised warning flag: -Wcpp-undef
  HC [stage 0] compiler/stage1/build/RnUtils.o

compiler\ghci\Linker.hs:73:1: warning: [-Wunused-imports]
    The import of `Foreign' is redundant
      except perhaps to import instances from `Foreign'
    To import instances alone, use: import Foreign()

on the commandline: warning: unrecognised warning flag: -Wcpp-undef
  HC [stage 0] compiler/stage1/build/StaticPtrTable.o
  HC [stage 0] compiler/stage1/build/CoreMonad.o

on the commandline: warning: unrecognised warning flag: -Wcpp-undef

on the commandline: warning: unrecognised warning flag: -Wcpp-undef
  HC [stage 0] compiler/stage1/build/PprTyThing.o

on the commandline: warning: unrecognised warning flag: -Wcpp-undef
  HC [stage 0] compiler/stage1/build/Inst.o

on the commandline: warning: unrecognised warning flag: -Wcpp-undef
  HC [stage 0] compiler/stage1/build/RnEnv.o
  HC [stage 0] compiler/stage1/build/CoreLint.o

on the commandline: warning: unrecognised warning flag: -Wcpp-undef

on the commandline: warning: unrecognised warning flag: -Wcpp-undef
  HC [stage 0] compiler/stage1/build/SpecConstr.o

on the commandline: warning: unrecognised warning flag: -Wcpp-undef
  HC [stage 0] compiler/stage1/build/Specialise.o

on the commandline: warning: unrecognised warning flag: -Wcpp-undef
  HC [stage 0] compiler/stage1/build/FloatIn.o
  HC [stage 0] compiler/stage1/build/SetLevels.o

on the commandline: warning: unrecognised warning flag: -Wcpp-undef

on the commandline: warning: unrecognised warning flag: -Wcpp-undef
  HC [stage 0] compiler/stage1/build/SimplMonad.o

on the commandline: warning: unrecognised warning flag: -Wcpp-undef
  HC [stage 0] compiler/stage1/build/Plugins.o

on the commandline: warning: unrecognised warning flag: -Wcpp-undef
  HC [stage 0] compiler/stage1/build/TcUnify.o
  HC [stage 0] compiler/stage1/build/RnNames.o

on the commandline: warning: unrecognised warning flag: -Wcpp-undef

on the commandline: warning: unrecognised warning flag: -Wcpp-undef
  HC [stage 0] compiler/stage1/build/TcIface.o

on the commandline: warning: unrecognised warning flag: -Wcpp-undef
  HC [stage 0] compiler/stage1/build/CorePrep.o

on the commandline: warning: unrecognised warning flag: -Wcpp-undef
  HC [stage 0] compiler/stage1/build/FloatOut.o

on the commandline: warning: unrecognised warning flag: -Wcpp-undef
  HC [stage 0] compiler/stage1/build/SimplEnv.o

on the commandline: warning: unrecognised warning flag: -Wcpp-undef
  HC [stage 0] compiler/stage1/build/RnTypes.o

on the commandline: warning: unrecognised warning flag: -Wcpp-undef
  HC [stage 0] compiler/stage1/build/GhcPlugins.o
  HC [stage 0] compiler/stage1/build/TcErrors.o

on the commandline: warning: unrecognised warning flag: -Wcpp-undef

on the commandline: warning: unrecognised warning flag: -Wcpp-undef
  HC [stage 0] compiler/stage1/build/TcRnExports.o
  HC [stage 0] compiler/stage1/build/TidyPgm.o

on the commandline: warning: unrecognised warning flag: -Wcpp-undef

on the commandline: warning: unrecognised warning flag: -Wcpp-undef
  HC [stage 0] compiler/stage1/build/DsMonad.o

on the commandline: warning: unrecognised warning flag: -Wcpp-undef
  HC [stage 0] compiler/stage1/build/SimplUtils.o
  HC [stage 0] compiler/stage1/build/RnPat.o

on the commandline: warning: unrecognised warning flag: -Wcpp-undef

on the commandline: warning: unrecognised warning flag: -Wcpp-undef
  HC [stage 0] compiler/stage1/build/RtClosureInspect.o

on the commandline: warning: unrecognised warning flag: -Wcpp-undef
  HC [stage 0] compiler/stage1/build/TcSMonad.o

on the commandline: warning: unrecognised warning flag: -Wcpp-undef
  HC [stage 0] compiler/stage1/build/Vectorise/Builtins/Initialise.o

on the commandline: warning: unrecognised warning flag: -Wcpp-undef
  HC [stage 0] compiler/stage1/build/Simplify.o

on the commandline: warning: unrecognised warning flag: -Wcpp-undef
  HC [stage 0] compiler/stage1/build/DsExpr.o-boot
  HC [stage 0] compiler/stage1/build/Match.o-boot

on the commandline: warning: unrecognised warning flag: -Wcpp-undef

on the commandline: warning: unrecognised warning flag: -Wcpp-undef
  HC [stage 0] compiler/stage1/build/RnBinds.o

on the commandline: warning: unrecognised warning flag: -Wcpp-undef
  HC [stage 0] compiler/stage1/build/TcFlatten.o

on the commandline: warning: unrecognised warning flag: -Wcpp-undef
  HC [stage 0] compiler/stage1/build/Vectorise/Builtins.o

on the commandline: warning: unrecognised warning flag: -Wcpp-undef
  HC [stage 0] compiler/stage1/build/DsUtils.o

on the commandline: warning: unrecognised warning flag: -Wcpp-undef
  HC [stage 0] compiler/stage1/build/RnSource.o
  HC [stage 0] compiler/stage1/build/TcCanonical.o

on the commandline: warning: unrecognised warning flag: -Wcpp-undef

on the commandline: warning: unrecognised warning flag: -Wcpp-undef
  HC [stage 0] compiler/stage1/build/Vectorise/Monad/Base.o

on the commandline: warning: unrecognised warning flag: -Wcpp-undef
  HC [stage 0] compiler/stage1/build/DsCCall.o
  HC [stage 0] compiler/stage1/build/DsGRHSs.o

on the commandline: warning: unrecognised warning flag: -Wcpp-undef

on the commandline: warning: unrecognised warning flag: -Wcpp-undef
  HC [stage 0] compiler/stage1/build/MatchLit.o

on the commandline: warning: unrecognised warning flag: -Wcpp-undef
  HC [stage 0] compiler/stage1/build/RnSplice.o
  HC [stage 0] compiler/stage1/build/TcInteract.o

on the commandline: warning: unrecognised warning flag: -Wcpp-undef

on the commandline: warning: unrecognised warning flag: -Wcpp-undef
  HC [stage 0] compiler/stage1/build/Vectorise/Monad/Global.o

on the commandline: warning: unrecognised warning flag: -Wcpp-undef
  HC [stage 0] compiler/stage1/build/Vectorise/Monad/Naming.o
  HC [stage 0] compiler/stage1/build/Vectorise/Monad/Local.o

on the commandline: warning: unrecognised warning flag: -Wcpp-undef

on the commandline: warning: unrecognised warning flag: -Wcpp-undef
  HC [stage 0] compiler/stage1/build/DsForeign.o

on the commandline: warning: unrecognised warning flag: -Wcpp-undef
  HC [stage 0] compiler/stage1/build/DsBinds.o
  HC [stage 0] compiler/stage1/build/DsMeta.o

on the commandline: warning: unrecognised warning flag: -Wcpp-undef

on the commandline: warning: unrecognised warning flag: -Wcpp-undef
  HC [stage 0] compiler/stage1/build/RnExpr.o

on the commandline: warning: unrecognised warning flag: -Wcpp-undef
  HC [stage 0] compiler/stage1/build/TcSimplify.o

on the commandline: warning: unrecognised warning flag: -Wcpp-undef
  HC [stage 0] compiler/stage1/build/Vectorise/Monad/InstEnv.o

on the commandline: warning: unrecognised warning flag: -Wcpp-undef
  HC [stage 0] compiler/stage1/build/MatchCon.o

on the commandline: warning: unrecognised warning flag: -Wcpp-undef
  HC [stage 0] compiler/stage1/build/TcValidity.o

on the commandline: warning: unrecognised warning flag: -Wcpp-undef
  HC [stage 0] compiler/stage1/build/Check.o

on the commandline: warning: unrecognised warning flag: -Wcpp-undef
  HC [stage 0] compiler/stage1/build/Vectorise/Monad.o

on the commandline: warning: unrecognised warning flag: -Wcpp-undef
  HC [stage 0] compiler/stage1/build/TcHsType.o

on the commandline: warning: unrecognised warning flag: -Wcpp-undef
  HC [stage 0] compiler/stage1/build/TcGenDeriv.o

on the commandline: warning: unrecognised warning flag: -Wcpp-undef
  HC [stage 0] compiler/stage1/build/Vectorise/Utils/Base.o

on the commandline: warning: unrecognised warning flag: -Wcpp-undef
  HC [stage 0] compiler/stage1/build/Match.o

on the commandline: warning: unrecognised warning flag: -Wcpp-undef
  HC [stage 0] compiler/stage1/build/TcSigs.o

on the commandline: warning: unrecognised warning flag: -Wcpp-undef
  HC [stage 0] compiler/stage1/build/Vectorise/Utils/PADict.o

on the commandline: warning: unrecognised warning flag: -Wcpp-undef
  HC [stage 0] compiler/stage1/build/TcGenFunctor.o
  HC [stage 0] compiler/stage1/build/TcDefaults.o

on the commandline: warning: unrecognised warning flag: -Wcpp-undef
  HC [stage 0] compiler/stage1/build/TcPat.o

on the commandline: warning: unrecognised warning flag: -Wcpp-undef

on the commandline: warning: unrecognised warning flag: -Wcpp-undef
  HC [stage 0] compiler/stage1/build/Vectorise/Utils/Poly.o
  HC [stage 0] compiler/stage1/build/DsArrows.o

on the commandline: warning: unrecognised warning flag: -Wcpp-undef

on the commandline: warning: unrecognised warning flag: -Wcpp-undef
  HC [stage 0] compiler/stage1/build/DsListComp.o
  HC [stage 0] compiler/stage1/build/TcGenGenerics.o

on the commandline: warning: unrecognised warning flag: -Wcpp-undef

on the commandline: warning: unrecognised warning flag: -Wcpp-undef
  HC [stage 0] compiler/stage1/build/TcBinds.o

on the commandline: warning: unrecognised warning flag: -Wcpp-undef
  HC [stage 0] compiler/stage1/build/Vectorise/Utils/Hoisting.o

on the commandline: warning: unrecognised warning flag: -Wcpp-undef
  HC [stage 0] compiler/stage1/build/DsExpr.o

on the commandline: warning: unrecognised warning flag: -Wcpp-undef
  HC [stage 0] compiler/stage1/build/TcDerivUtils.o

on the commandline: warning: unrecognised warning flag: -Wcpp-undef
  HC [stage 0] compiler/stage1/build/TcTyDecls.o

on the commandline: warning: unrecognised warning flag: -Wcpp-undef
  HC [stage 0] compiler/stage1/build/Vectorise/Utils/Closure.o
  HC [stage 0] compiler/stage1/build/TcTypeable.o

on the commandline: warning: unrecognised warning flag: -Wcpp-undef

on the commandline: warning: unrecognised warning flag: -Wcpp-undef
  HC [stage 0] compiler/stage1/build/TcClassDcl.o

on the commandline: warning: unrecognised warning flag: -Wcpp-undef
  HC [stage 0] compiler/stage1/build/TcDerivInfer.o

on the commandline: warning: unrecognised warning flag: -Wcpp-undef
  HC [stage 0] compiler/stage1/build/TcMatches.o

on the commandline: warning: unrecognised warning flag: -Wcpp-undef
  HC [stage 0] compiler/stage1/build/TcBackpack.o

on the commandline: warning: unrecognised warning flag: -Wcpp-undef
  HC [stage 0] compiler/stage1/build/Vectorise/Utils.o

on the commandline: warning: unrecognised warning flag: -Wcpp-undef
  HC [stage 0] compiler/stage1/build/TcDeriv.o

on the commandline: warning: unrecognised warning flag: -Wcpp-undef
  HC [stage 0] compiler/stage1/build/TcPatSyn.o

on the commandline: warning: unrecognised warning flag: -Wcpp-undef
  HC [stage 0] compiler/stage1/build/TcArrows.o

on the commandline: warning: unrecognised warning flag: -Wcpp-undef
  HC [stage 0] compiler/stage1/build/Vectorise/Type/Type.o

on the commandline: warning: unrecognised warning flag: -Wcpp-undef
  HC [stage 0] compiler/stage1/build/Vectorise/Generic/Description.o

on the commandline: warning: unrecognised warning flag: -Wcpp-undef
  HC [stage 0] compiler/stage1/build/TcInstDcls.o-boot

on the commandline: warning: unrecognised warning flag: -Wcpp-undef
  HC [stage 0] compiler/stage1/build/TcExpr.o
  HC [stage 0] compiler/stage1/build/Vectorise/Convert.o

on the commandline: warning: unrecognised warning flag: -Wcpp-undef
  HC [stage 0] compiler/stage1/build/Vectorise/Var.o

on the commandline: warning: unrecognised warning flag: -Wcpp-undef

on the commandline: warning: unrecognised warning flag: -Wcpp-undef
  HC [stage 0] compiler/stage1/build/Vectorise/Generic/PData.o

on the commandline: warning: unrecognised warning flag: -Wcpp-undef
  HC [stage 0] compiler/stage1/build/Vectorise/Generic/PAMethods.o

on the commandline: warning: unrecognised warning flag: -Wcpp-undef
  HC [stage 0] compiler/stage1/build/Vectorise/Type/TyConDecl.o

on the commandline: warning: unrecognised warning flag: -Wcpp-undef
  HC [stage 0] compiler/stage1/build/TcTyClsDecls.o
  HC [stage 0] compiler/stage1/build/TcForeign.o

on the commandline: warning: unrecognised warning flag: -Wcpp-undef

on the commandline: warning: unrecognised warning flag: -Wcpp-undef
  HC [stage 0] compiler/stage1/build/TcRules.o

on the commandline: warning: unrecognised warning flag: -Wcpp-undef
  HC [stage 0] compiler/stage1/build/Vectorise/Exp.o
  HC [stage 0] compiler/stage1/build/Vectorise/Generic/PADict.o

on the commandline: warning: unrecognised warning flag: -Wcpp-undef

on the commandline: warning: unrecognised warning flag: -Wcpp-undef
  HC [stage 0] compiler/stage1/build/Vectorise/Type/Env.o

on the commandline: warning: unrecognised warning flag: -Wcpp-undef
  HC [stage 0] compiler/stage1/build/TcInstDcls.o

on the commandline: warning: unrecognised warning flag: -Wcpp-undef
  HC [stage 0] compiler/stage1/build/Vectorise.o

on the commandline: warning: unrecognised warning flag: -Wcpp-undef
  HC [stage 0] compiler/stage1/build/TcRnDriver.o

on the commandline: warning: unrecognised warning flag: -Wcpp-undef
  HC [stage 0] compiler/stage1/build/SimplCore.o

on the commandline: warning: unrecognised warning flag: -Wcpp-undef
  HC [stage 0] compiler/stage1/build/Desugar.o

on the commandline: warning: unrecognised warning flag: -Wcpp-undef
  HC [stage 0] compiler/stage1/build/HscMain.o

on the commandline: warning: unrecognised warning flag: -Wcpp-undef
  HC [stage 0] compiler/stage1/build/InteractiveEval.o
  HC [stage 0] compiler/stage1/build/DriverPipeline.o

on the commandline: warning: unrecognised warning flag: -Wcpp-undef
  HC [stage 0] compiler/stage1/build/TcSplice.o

on the commandline: warning: unrecognised warning flag: -Wcpp-undef

on the commandline: warning: unrecognised warning flag: -Wcpp-undef
  HC [stage 0] compiler/stage1/build/GhcMake.o

on the commandline: warning: unrecognised warning flag: -Wcpp-undef
  HC [stage 0] compiler/stage1/build/GHC.o

on the commandline: warning: unrecognised warning flag: -Wcpp-undef
  HC [stage 0] compiler/stage1/build/DriverMkDepend.o
  HC [stage 0] compiler/stage1/build/DriverBkp.o
  HC [stage 0] compiler/stage1/build/Debugger.o

on the commandline: warning: unrecognised warning flag: -Wcpp-undef

on the commandline: warning: unrecognised warning flag: -Wcpp-undef

on the commandline: warning: unrecognised warning flag: -Wcpp-undef
  HC [stage 0] ghc/stage1/build/Main.o

on the commandline: warning: unrecognised warning flag: -Wcpp-undef
  AR compiler/stage1/build/libHSghc-8.3.a
C:\ghc-dev\msys64\mingw64\mingw\bin\ar.exe: creating compiler/stage1/build/libHSghc-8.3.a
  HC [stage 0] ghc/stage1/build/tmp/ghc-stage1.exe

on the commandline: warning: unrecognised warning flag: -Wcpp-undef

on the commandline: warning: unrecognised warning flag: -Wcpp-undef
Warning: -rtsopts and -with-rtsopts have no effect with -no-hs-main.
    Call hs_init_ghc() from your main() function to set these options.
  GHC PKG libraries/ghc-prim/dist-install/package-data.mk
ghc-prim-0.5.1.0: Warning: haddock-interfaces: C:\TeamCity\buildAgent\work\28754042a1be6052\libraries\ghc-prim\dist-install\doc\html\ghc-prim\ghc-prim.haddock doesn't exist or isn't a file
  GHC PKG libraries/integer-gmp/dist-install/package-data.mk
integer-gmp-1.0.1.0: Warning: haddock-interfaces: C:\TeamCity\buildAgent\work\28754042a1be6052\libraries\integer-gmp\dist-install\doc\html\integer-gmp\integer-gmp.haddock doesn't exist or isn't a file
  GHC PKG libraries/base/dist-install/package-data.mk
base-4.11.0.0: Warning: haddock-interfaces: C:\TeamCity\buildAgent\work\28754042a1be6052\libraries\base\dist-install\doc\html\base\base.haddock doesn't exist or isn't a file
  GHC PKG libraries/filepath/dist-install/package-data.mk
filepath-1.4.1.2: Warning: haddock-interfaces: C:\TeamCity\buildAgent\work\28754042a1be6052\libraries\filepath\dist-install\doc\html\filepath\filepath.haddock doesn't exist or isn't a file
  GHC PKG libraries/array/dist-install/package-data.mk
array-0.5.2.0: Warning: haddock-interfaces: C:\TeamCity\buildAgent\work\28754042a1be6052\libraries\array\dist-install\doc\html\array\array.haddock doesn't exist or isn't a file
  GHC PKG libraries/deepseq/dist-install/package-data.mk
deepseq-1.4.3.0: Warning: haddock-interfaces: C:\TeamCity\buildAgent\work\28754042a1be6052\libraries\deepseq\dist-install\doc\html\deepseq\deepseq.haddock doesn't exist or isn't a file
  GHC PKG libraries/bytestring/dist-install/package-data.mk
bytestring-0.10.8.2: Warning: haddock-interfaces: C:\TeamCity\buildAgent\work\28754042a1be6052\libraries\bytestring\dist-install\doc\html\bytestring\bytestring.haddock doesn't exist or isn't a file
  GHC PKG libraries/containers/dist-install/package-data.mk
containers-0.5.10.2: Warning: haddock-interfaces: C:\TeamCity\buildAgent\work\28754042a1be6052\libraries\containers\dist-install\doc\html\containers\containers.haddock doesn't exist or isn't a file
  GHC PKG libraries/Win32/dist-install/package-data.mk
Win32-2.5.4.1: Warning: haddock-interfaces: C:\TeamCity\buildAgent\work\28754042a1be6052\libraries\Win32\dist-install\doc\html\Win32\Win32.haddock doesn't exist or isn't a file
  GHC PKG libraries/time/dist-install/package-data.mk
time-1.8.0.2: Warning: haddock-interfaces: C:\TeamCity\buildAgent\work\28754042a1be6052\libraries\time\dist-install\doc\html\time\time.haddock doesn't exist or isn't a file
  GHC PKG libraries/directory/dist-install/package-data.mk
directory-1.3.1.2: Warning: haddock-interfaces: C:\TeamCity\buildAgent\work\28754042a1be6052\libraries\directory\dist-install\doc\html\directory\directory.haddock doesn't exist or isn't a file
  GHC PKG libraries/process/dist-install/package-data.mk
process-1.6.1.0: Warning: haddock-interfaces: C:\TeamCity\buildAgent\work\28754042a1be6052\libraries\process\dist-install\doc\html\process\process.haddock doesn't exist or isn't a file
  GHC PKG libraries/hpc/dist-install/package-data.mk
hpc-0.6.0.3: Warning: haddock-interfaces: C:\TeamCity\buildAgent\work\28754042a1be6052\libraries\hpc\dist-install\doc\html\hpc\hpc.haddock doesn't exist or isn't a file
  GHC PKG libraries/pretty/dist-install/package-data.mk
pretty-1.1.3.5: Warning: haddock-interfaces: C:\TeamCity\buildAgent\work\28754042a1be6052\libraries\pretty\dist-install\doc\html\pretty\pretty.haddock doesn't exist or isn't a file
  GHC PKG libraries/binary/dist-install/package-data.mk
binary-0.8.5.1: Warning: haddock-interfaces: C:\TeamCity\buildAgent\work\28754042a1be6052\libraries\binary\dist-install\doc\html\binary\binary.haddock doesn't exist or isn't a file
  GHC PKG libraries/text/dist-install/package-data.mk
text-1.2.3.0: Warning: haddock-interfaces: C:\TeamCity\buildAgent\work\28754042a1be6052\libraries\text\dist-install\doc\html\text\text.haddock doesn't exist or isn't a file
  GHC PKG libraries/transformers/dist-install/package-data.mk
transformers-0.5.4.0: Warning: haddock-interfaces: C:\TeamCity\buildAgent\work\28754042a1be6052\libraries\transformers\dist-install\doc\html\transformers\transformers.haddock doesn't exist or isn't a file
  GHC PKG libraries/mtl/dist-install/package-data.mk
mtl-2.2.2: Warning: haddock-interfaces: C:\TeamCity\buildAgent\work\28754042a1be6052\libraries\mtl\dist-install\doc\html\mtl\mtl.haddock doesn't exist or isn't a file
  GHC PKG libraries/parsec/dist-install/package-data.mk
parsec-3.1.12: Warning: haddock-interfaces: C:\TeamCity\buildAgent\work\28754042a1be6052\libraries\parsec\dist-install\doc\html\parsec\parsec.haddock doesn't exist or isn't a file
  GHC PKG libraries/Cabal/Cabal/dist-install/package-data.mk
Cabal-2.0.0.2: Warning: haddock-interfaces: C:\TeamCity\buildAgent\work\28754042a1be6052\libraries\Cabal\Cabal\dist-install\doc\html\Cabal\Cabal.haddock doesn't exist or isn't a file
  GHC PKG libraries/ghc-boot-th/dist-install/package-data.mk
ghc-boot-th-8.3: Warning: haddock-interfaces: C:\TeamCity\buildAgent\work\28754042a1be6052\libraries\ghc-boot-th\dist-install\doc\html\ghc-boot-th\ghc-boot-th.haddock doesn't exist or isn't a file
  GHC PKG libraries/ghc-boot/dist-install/package-data.mk
ghc-boot-8.3: Warning: haddock-interfaces: C:\TeamCity\buildAgent\work\28754042a1be6052\libraries\ghc-boot\dist-install\doc\html\ghc-boot\ghc-boot.haddock doesn't exist or isn't a file
  GHC PKG libraries/template-haskell/dist-install/package-data.mk
template-haskell-2.13.0.0: Warning: haddock-interfaces: C:\TeamCity\buildAgent\work\28754042a1be6052\libraries\template-haskell\dist-install\doc\html\template-haskell\template-haskell.haddock doesn't exist or isn't a file
  GHC PKG libraries/ghc-compact/dist-install/package-data.mk
ghc-compact-0.1.0.0: Warning: haddock-interfaces: C:\TeamCity\buildAgent\work\28754042a1be6052\libraries\ghc-compact\dist-install\doc\html\ghc-compact\ghc-compact.haddock doesn't exist or isn't a file
  GHC PKG libraries/xhtml/dist-install/package-data.mk
xhtml-3000.2.2: Warning: haddock-interfaces: C:\TeamCity\buildAgent\work\28754042a1be6052\libraries\xhtml\dist-install\doc\html\xhtml\xhtml.haddock doesn't exist or isn't a file
  GHC PKG libraries/stm/dist-install/package-data.mk
stm-2.4.4.1: Warning: haddock-interfaces: C:\TeamCity\buildAgent\work\28754042a1be6052\libraries\stm\dist-install\doc\html\stm\stm.haddock doesn't exist or isn't a file
  GHC PKG libraries/haskeline/dist-install/package-data.mk
haskeline-0.7.4.0: Warning: haddock-interfaces: C:\TeamCity\buildAgent\work\28754042a1be6052\libraries\haskeline\dist-install\doc\html\haskeline\haskeline.haddock doesn't exist or isn't a file
  GHC PKG libraries/ghci/dist-install/package-data.mk
ghci-8.3: Warning: haddock-interfaces: C:\TeamCity\buildAgent\work\28754042a1be6052\libraries\ghci\dist-install\doc\html\ghci\ghci.haddock doesn't exist or isn't a file
  GHC PKG compiler/stage2/package-data.mk
ghc-8.3: Warning: include-dirs: C:\TeamCity\buildAgent\work\28754042a1be6052\compiler\../rts/dist/build doesn't exist or isn't a directory
ghc-8.3: Warning: haddock-interfaces: C:\TeamCity\buildAgent\work\28754042a1be6052\compiler\stage2\doc\html\ghc\ghc.haddock doesn't exist or isn't a file
ghc-pkg.exe: C:\TeamCity\buildAgent\work\28754042a1be6052\inplace\lib\package.conf.d\package.cache: you don't have permission to modify this file
make[1]: *** [compiler/ghc.mk:448: compiler/stage2/package-data.mk] Error 1
make[1]: *** Deleting file 'compiler/stage2/package-data.mk'
make[1]: *** Waiting for unfinished jobs....
make: *** [Makefile:125: all] Error 2
